VM26575:160 1a. Nowa runda - ID:1261426; lp:830/870; T:49 Sat Mar 10 2018 06:55:35 GMT+0100 (CET)
VM26575:133 2a. Wynik rundy:  black {green: 0, red: 0, black: 1, any: 1, last_color: "black", …}
VM26575:160 1a. Nowa runda - ID:1261427; lp:831/869; T:49 Sat Mar 10 2018 06:56:25 GMT+0100 (CET)
VM26575:133 2a. Wynik rundy:  red {green: 0, red: 1, black: 0, any: 1, last_color: "red", …}
VM26575:160 1a. Nowa runda - ID:1261428; lp:832/868; T:50 Sat Mar 10 2018 06:57:16 GMT+0100 (CET)
VM26575:133 2a. Wynik rundy:  black {green: 0, red: 0, black: 1, any: 1, last_color: "black", …}
VM26575:160 1a. Nowa runda - ID:1261429; lp:833/867; T:49 Sat Mar 10 2018 06:58:05 GMT+0100 (CET)
VM26575:133 2a. Wynik rundy:  red {green: 0, red: 1, black: 0, any: 1, last_color: "red", …}
VM26575:160 1a. Nowa runda - ID:1261430; lp:834/866; T:50 Sat Mar 10 2018 06:58:55 GMT+0100 (CET)
VM26575:133 2a. Wynik rundy:  red {green: 0, red: 2, black: 0, any: 2, last_color: "red", …}
VM26575:160 1a. Nowa runda - ID:1261431; lp:835/865; T:50 Sat Mar 10 2018 06:59:46 GMT+0100 (CET)
VM26575:133 2a. Wynik rundy:  red {green: 0, red: 3, black: 0, any: 3, last_color: "red", …}
VM26575:160 1a. Nowa runda - ID:1261432; lp:836/864; T:50 Sat Mar 10 2018 07:00:36 GMT+0100 (CET)
VM26575:133 2a. Wynik rundy:  black {green: 0, red: 0, black: 1, any: 1, last_color: "black", …}
VM26575:160 1a. Nowa runda - ID:1261433; lp:837/863; T:49 Sat Mar 10 2018 07:01:26 GMT+0100 (CET)
VM26575:133 2a. Wynik rundy:  red {green: 0, red: 1, black: 0, any: 1, last_color: "red", …}
VM26575:160 1a. Nowa runda - ID:1261434; lp:838/862; T:50 Sat Mar 10 2018 07:02:16 GMT+0100 (CET)
VM26575:133 2a. Wynik rundy:  black {green: 0, red: 0, black: 1, any: 1, last_color: "black", …}
VM26575:160 1a. Nowa runda - ID:1261435; lp:839/861; T:48 Sat Mar 10 2018 07:03:05 GMT+0100 (CET)
VM26575:133 2a. Wynik rundy:  red {green: 0, red: 1, black: 0, any: 1, last_color: "red", …}
VM26575:160 1a. Nowa runda - ID:1261436; lp:840/860; T:50 Sat Mar 10 2018 07:03:56 GMT+0100 (CET)
VM26575:133 2a. Wynik rundy:  red {green: 0, red: 2, black: 0, any: 2, last_color: "red", …}
VM26575:160 1a. Nowa runda - ID:1261437; lp:841/859; T:50 Sat Mar 10 2018 07:04:46 GMT+0100 (CET)
VM26575:133 2a. Wynik rundy:  red {green: 0, red: 3, black: 0, any: 3, last_color: "red", …}
VM26575:160 1a. Nowa runda - ID:1261438; lp:842/858; T:49 Sat Mar 10 2018 07:05:36 GMT+0100 (CET)
VM26575:133 2a. Wynik rundy:  black {green: 0, red: 0, black: 1, any: 1, last_color: "black", …}
VM26575:160 1a. Nowa runda - ID:1261439; lp:843/857; T:51 Sat Mar 10 2018 07:06:27 GMT+0100 (CET)
VM26575:133 2a. Wynik rundy:  red {green: 0, red: 1, black: 0, any: 1, last_color: "red", …}
VM26575:160 1a. Nowa runda - ID:1261440; lp:844/856; T:49 Sat Mar 10 2018 07:07:16 GMT+0100 (CET)
VM26575:133 2a. Wynik rundy:  red {green: 0, red: 2, black: 0, any: 2, last_color: "red", …}
VM26575:160 1a. Nowa runda - ID:1261441; lp:845/855; T:51 Sat Mar 10 2018 07:08:07 GMT+0100 (CET)
VM26575:133 2a. Wynik rundy:  red {green: 0, red: 3, black: 0, any: 3, last_color: "red", …}
VM26575:160 1a. Nowa runda - ID:1261442; lp:846/854; T:49 Sat Mar 10 2018 07:08:57 GMT+0100 (CET)
VM26575:133 2a. Wynik rundy:  red {green: 0, red: 4, black: 0, any: 4, last_color: "red", …}
VM26575:160 1a. Nowa runda - ID:1261443; lp:847/853; T:49 Sat Mar 10 2018 07:09:46 GMT+0100 (CET)
VM26575:133 2a. Wynik rundy:  red {green: 0, red: 5, black: 0, any: 5, last_color: "red", …}
VM26575:160 1a. Nowa runda - ID:1261444; lp:848/852; T:50 Sat Mar 10 2018 07:10:36 GMT+0100 (CET)
VM26575:169 1b. Obstawiam. kwota: 100 na red, bilans: 3850, zysk: 600
www.google.com/ads/ga-audiences?v=1&aip=1&t=sr&_r=4&tid=UA-40001062-2&cid=1545273210.1518266172&jid=786241722&_v=j66&z=974018356:1 GET https://www.google.com/ads/ga-audiences?v=1&aip=1&t=sr&_r=4&tid=UA-40001062-2&cid=1545273210.1518266172&jid=786241722&_v=j66&z=974018356 net::ERR_BLOCKED_BY_CLIENT
Image (async)
ta @ analytics.js:2
wc @ analytics.js:9
ba @ analytics.js:9
Sa @ analytics.js:14
Ha.D @ analytics.js:12
pc.send @ analytics.js:48
X.b.(anonymous function) @ analytics.js:25
Z.v @ analytics.js:55
Z.D @ analytics.js:54
N @ analytics.js:55
t @ gtm.js?id=GTM-TQKXK3:18
(anonymous) @ gtm.js?id=GTM-TQKXK3:20
Sf @ gtm.js?id=GTM-TQKXK3:66
(anonymous) @ gtm.js?id=GTM-TQKXK3:123
vl @ gtm.js?id=GTM-TQKXK3:119
Lg @ gtm.js?id=GTM-TQKXK3:125
Yg @ gtm.js?id=GTM-TQKXK3:82
a.push @ gtm.js?id=GTM-TQKXK3:83
(anonymous) @ app.js:230
i.emit @ index.js:133
n @ index.js:14
AYMf.d.onpacket @ socket.js:232
(anonymous) @ index.js:21
i.emit @ index.js:133
Ctjl.f.ondecoded @ manager.js:345
(anonymous) @ index.js:21
i.emit @ index.js:133
Xz3Q.u.add @ index.js:241
Ctjl.f.ondata @ manager.js:335
(anonymous) @ index.js:21
i.emit @ index.js:133
Xqxu.h.onPacket @ socket.js:457
(anonymous) @ socket.js:274
i.emit @ index.js:133
ZOjo.o.onPacket @ transport.js:145
ZOjo.o.onData @ transport.js:137
ws.onmessage @ websocket.js:147
VM26575:133 2a. Wynik rundy:  black {green: 0, red: 0, black: 1, any: 1, last_color: "black", …}
VM26575:146 2b. Wygrana:0; Obstawiono:100 na red; Bilans:3850; Zysk:600; 
VM26575:160 1a. Nowa runda - ID:1261445; lp:849/851; T:49 Sat Mar 10 2018 07:11:26 GMT+0100 (CET)
VM26575:133 2a. Wynik rundy:  zero {green: 1, red: 0, black: 0, any: 1, last_color: "zero", …}
VM26575:160 1a. Nowa runda - ID:1261446; lp:850/850; T:51 Sat Mar 10 2018 07:12:17 GMT+0100 (CET)
VM26575:133 2a. Wynik rundy:  red {green: 0, red: 1, black: 0, any: 1, last_color: "red", …}
VM26575:160 1a. Nowa runda - ID:1261447; lp:851/849; T:50 Sat Mar 10 2018 07:13:07 GMT+0100 (CET)
VM26575:133 2a. Wynik rundy:  red {green: 0, red: 2, black: 0, any: 2, last_color: "red", …}
VM26575:160 1a. Nowa runda - ID:1261448; lp:852/848; T:49 Sat Mar 10 2018 07:13:57 GMT+0100 (CET)
VM26575:133 2a. Wynik rundy:  red {green: 0, red: 3, black: 0, any: 3, last_color: "red", …}
VM26575:160 1a. Nowa runda - ID:1261449; lp:853/847; T:48 Sat Mar 10 2018 07:14:46 GMT+0100 (CET)
VM26575:133 2a. Wynik rundy:  black {green: 0, red: 0, black: 1, any: 1, last_color: "black", …}
VM26575:160 1a. Nowa runda - ID:1261450; lp:854/846; T:51 Sat Mar 10 2018 07:15:37 GMT+0100 (CET)
VM26575:133 2a. Wynik rundy:  red {green: 0, red: 1, black: 0, any: 1, last_color: "red", …}
VM26575:160 1a. Nowa runda - ID:1261451; lp:855/845; T:48 Sat Mar 10 2018 07:16:26 GMT+0100 (CET)
VM26575:133 2a. Wynik rundy:  red {green: 0, red: 2, black: 0, any: 2, last_color: "red", …}
VM26575:160 1a. Nowa runda - ID:1261452; lp:856/844; T:50 Sat Mar 10 2018 07:17:17 GMT+0100 (CET)
VM26575:133 2a. Wynik rundy:  red {green: 0, red: 3, black: 0, any: 3, last_color: "red", …}
VM26575:160 1a. Nowa runda - ID:1261453; lp:857/843; T:50 Sat Mar 10 2018 07:18:07 GMT+0100 (CET)
VM26575:133 2a. Wynik rundy:  zero {green: 1, red: 0, black: 0, any: 1, last_color: "zero", …}
VM26575:160 1a. Nowa runda - ID:1261454; lp:858/842; T:50 Sat Mar 10 2018 07:18:57 GMT+0100 (CET)
VM26575:133 2a. Wynik rundy:  zero {green: 2, red: 0, black: 0, any: 2, last_color: "zero", …}
VM26575:160 1a. Nowa runda - ID:1261455; lp:859/841; T:50 Sat Mar 10 2018 07:19:47 GMT+0100 (CET)
VM26575:133 2a. Wynik rundy:  zero {green: 3, red: 0, black: 0, any: 3, last_color: "zero", …}
VM26575:160 1a. Nowa runda - ID:1261456; lp:860/840; T:49 Sat Mar 10 2018 07:20:37 GMT+0100 (CET)
VM26575:133 2a. Wynik rundy:  black {green: 0, red: 0, black: 1, any: 1, last_color: "black", …}
VM26575:160 1a. Nowa runda - ID:1261457; lp:861/839; T:49 Sat Mar 10 2018 07:21:27 GMT+0100 (CET)
VM26575:133 2a. Wynik rundy:  red {green: 0, red: 1, black: 0, any: 1, last_color: "red", …}
VM26575:160 1a. Nowa runda - ID:1261458; lp:862/838; T:50 Sat Mar 10 2018 07:22:17 GMT+0100 (CET)
VM26575:133 2a. Wynik rundy:  red {green: 0, red: 2, black: 0, any: 2, last_color: "red", …}
VM26575:160 1a. Nowa runda - ID:1261459; lp:863/837; T:50 Sat Mar 10 2018 07:23:07 GMT+0100 (CET)
VM26575:133 2a. Wynik rundy:  red {green: 0, red: 3, black: 0, any: 3, last_color: "red", …}
VM26575:160 1a. Nowa runda - ID:1261460; lp:864/836; T:50 Sat Mar 10 2018 07:23:57 GMT+0100 (CET)
VM26575:133 2a. Wynik rundy:  red {green: 0, red: 4, black: 0, any: 4, last_color: "red", …}
VM26575:160 1a. Nowa runda - ID:1261461; lp:865/835; T:52 Sat Mar 10 2018 07:24:50 GMT+0100 (CET)
VM26575:133 2a. Wynik rundy:  red {green: 0, red: 5, black: 0, any: 5, last_color: "red", …}
VM26575:160 1a. Nowa runda - ID:1261462; lp:866/834; T:46 Sat Mar 10 2018 07:25:37 GMT+0100 (CET)
VM26575:169 1b. Obstawiam. kwota: 150 na red, bilans: 3700, zysk: 450
www.google.com/ads/ga-audiences?v=1&aip=1&t=sr&_r=4&tid=UA-40001062-2&cid=1545273210.1518266172&jid=1377909048&_v=j66&z=1351586369:1 GET https://www.google.com/ads/ga-audiences?v=1&aip=1&t=sr&_r=4&tid=UA-40001062-2&cid=1545273210.1518266172&jid=1377909048&_v=j66&z=1351586369 net::ERR_BLOCKED_BY_CLIENT
Image (async)
ta @ analytics.js:2
wc @ analytics.js:9
ba @ analytics.js:9
Sa @ analytics.js:14
Ha.D @ analytics.js:12
pc.send @ analytics.js:48
X.b.(anonymous function) @ analytics.js:25
Z.v @ analytics.js:55
Z.D @ analytics.js:54
N @ analytics.js:55
t @ gtm.js?id=GTM-TQKXK3:18
(anonymous) @ gtm.js?id=GTM-TQKXK3:20
Sf @ gtm.js?id=GTM-TQKXK3:66
(anonymous) @ gtm.js?id=GTM-TQKXK3:123
vl @ gtm.js?id=GTM-TQKXK3:119
Lg @ gtm.js?id=GTM-TQKXK3:125
Yg @ gtm.js?id=GTM-TQKXK3:82
a.push @ gtm.js?id=GTM-TQKXK3:83
(anonymous) @ app.js:230
i.emit @ index.js:133
n @ index.js:14
AYMf.d.onpacket @ socket.js:232
(anonymous) @ index.js:21
i.emit @ index.js:133
Ctjl.f.ondecoded @ manager.js:345
(anonymous) @ index.js:21
i.emit @ index.js:133
Xz3Q.u.add @ index.js:241
Ctjl.f.ondata @ manager.js:335
(anonymous) @ index.js:21
i.emit @ index.js:133
Xqxu.h.onPacket @ socket.js:457
(anonymous) @ socket.js:274
i.emit @ index.js:133
ZOjo.o.onPacket @ transport.js:145
ZOjo.o.onData @ transport.js:137
ws.onmessage @ websocket.js:147
VM26575:133 2a. Wynik rundy:  red {green: 0, red: 6, black: 0, any: 6, last_color: "red", …}
VM26575:146 2b. Wygrana:2; Obstawiono:150 na red; Bilans:400; Zysk:-2850; 
VM26575:160 1a. Nowa runda - ID:1261463; lp:867/833; T:50 Sat Mar 10 2018 07:26:28 GMT+0100 (CET)
VM26575:133 2a. Wynik rundy:  black {green: 0, red: 0, black: 1, any: 1, last_color: "black", …}
VM26575:160 1a. Nowa runda - ID:1261464; lp:868/832; T:49 Sat Mar 10 2018 07:27:18 GMT+0100 (CET)
VM26575:133 2a. Wynik rundy:  red {green: 0, red: 1, black: 0, any: 1, last_color: "red", …}
VM26575:160 1a. Nowa runda - ID:1261465; lp:869/831; T:50 Sat Mar 10 2018 07:28:08 GMT+0100 (CET)
VM26575:133 2a. Wynik rundy:  red {green: 0, red: 2, black: 0, any: 2, last_color: "red", …}
VM26575:160 1a. Nowa runda - ID:1261466; lp:870/830; T:50 Sat Mar 10 2018 07:28:58 GMT+0100 (CET)
VM26575:133 2a. Wynik rundy:  black {green: 0, red: 0, black: 1, any: 1, last_color: "black", …}
VM26575:160 1a. Nowa runda - ID:1261467; lp:871/829; T:50 Sat Mar 10 2018 07:29:48 GMT+0100 (CET)
VM26575:133 2a. Wynik rundy:  red {green: 0, red: 1, black: 0, any: 1, last_color: "red", …}
VM26575:160 1a. Nowa runda - ID:1261468; lp:872/828; T:51 Sat Mar 10 2018 07:30:39 GMT+0100 (CET)
VM26575:133 2a. Wynik rundy:  red {green: 0, red: 2, black: 0, any: 2, last_color: "red", …}
VM26575:160 1a. Nowa runda - ID:1261469; lp:873/827; T:48 Sat Mar 10 2018 07:31:28 GMT+0100 (CET)
VM26575:133 2a. Wynik rundy:  zero {green: 1, red: 0, black: 0, any: 1, last_color: "zero", …}
VM26575:160 1a. Nowa runda - ID:1261470; lp:874/826; T:50 Sat Mar 10 2018 07:32:18 GMT+0100 (CET)
VM26575:133 2a. Wynik rundy:  black {green: 0, red: 0, black: 1, any: 1, last_color: "black", …}
VM26575:160 1a. Nowa runda - ID:1261471; lp:875/825; T:50 Sat Mar 10 2018 07:33:08 GMT+0100 (CET)
VM26575:133 2a. Wynik rundy:  red {green: 0, red: 1, black: 0, any: 1, last_color: "red", …}
VM26575:160 1a. Nowa runda - ID:1261472; lp:876/824; T:49 Sat Mar 10 2018 07:33:58 GMT+0100 (CET)
VM26575:133 2a. Wynik rundy:  black {green: 0, red: 0, black: 1, any: 1, last_color: "black", …}
VM26575:160 1a. Nowa runda - ID:1261473; lp:877/823; T:53 Sat Mar 10 2018 07:34:51 GMT+0100 (CET)
VM26575:133 2a. Wynik rundy:  red {green: 0, red: 1, black: 0, any: 1, last_color: "red", …}
VM26575:160 1a. Nowa runda - ID:1261474; lp:878/822; T:46 Sat Mar 10 2018 07:35:38 GMT+0100 (CET)
VM26575:133 2a. Wynik rundy:  zero {green: 1, red: 0, black: 0, any: 1, last_color: "zero", …}
VM26575:160 1a. Nowa runda - ID:1261475; lp:879/821; T:51 Sat Mar 10 2018 07:36:29 GMT+0100 (CET)
VM26575:133 2a. Wynik rundy:  red {green: 0, red: 1, black: 0, any: 1, last_color: "red", …}
VM26575:160 1a. Nowa runda - ID:1261476; lp:880/820; T:48 Sat Mar 10 2018 07:37:18 GMT+0100 (CET)
VM26575:133 2a. Wynik rundy:  red {green: 0, red: 2, black: 0, any: 2, last_color: "red", …}
VM26575:160 1a. Nowa runda - ID:1261477; lp:881/819; T:51 Sat Mar 10 2018 07:38:09 GMT+0100 (CET)
VM26575:133 2a. Wynik rundy:  red {green: 0, red: 3, black: 0, any: 3, last_color: "red", …}
VM26575:160 1a. Nowa runda - ID:1261478; lp:882/818; T:50 Sat Mar 10 2018 07:38:59 GMT+0100 (CET)
VM26575:133 2a. Wynik rundy:  red {green: 0, red: 4, black: 0, any: 4, last_color: "red", …}
VM26575:160 1a. Nowa runda - ID:1261479; lp:883/817; T:49 Sat Mar 10 2018 07:39:49 GMT+0100 (CET)
VM26575:133 2a. Wynik rundy:  red {green: 0, red: 5, black: 0, any: 5, last_color: "red", …}
VM26575:160 1a. Nowa runda - ID:1261480; lp:884/816; T:50 Sat Mar 10 2018 07:40:39 GMT+0100 (CET)
VM26575:169 1b. Obstawiam. kwota: 100 na red, bilans: 300, zysk: -2950
www.google.com/ads/ga-audiences?v=1&aip=1&t=sr&_r=4&tid=UA-40001062-2&cid=1545273210.1518266172&jid=35549746&_v=j66&z=886271346:1 GET https://www.google.com/ads/ga-audiences?v=1&aip=1&t=sr&_r=4&tid=UA-40001062-2&cid=1545273210.1518266172&jid=35549746&_v=j66&z=886271346 net::ERR_BLOCKED_BY_CLIENT
Image (async)
ta @ analytics.js:2
wc @ analytics.js:9
ba @ analytics.js:9
Sa @ analytics.js:14
Ha.D @ analytics.js:12
pc.send @ analytics.js:48
X.b.(anonymous function) @ analytics.js:25
Z.v @ analytics.js:55
Z.D @ analytics.js:54
N @ analytics.js:55
t @ gtm.js?id=GTM-TQKXK3:18
(anonymous) @ gtm.js?id=GTM-TQKXK3:20
Sf @ gtm.js?id=GTM-TQKXK3:66
(anonymous) @ gtm.js?id=GTM-TQKXK3:123
vl @ gtm.js?id=GTM-TQKXK3:119
Lg @ gtm.js?id=GTM-TQKXK3:125
Yg @ gtm.js?id=GTM-TQKXK3:82
a.push @ gtm.js?id=GTM-TQKXK3:83
(anonymous) @ app.js:230
i.emit @ index.js:133
n @ index.js:14
AYMf.d.onpacket @ socket.js:232
(anonymous) @ index.js:21
i.emit @ index.js:133
Ctjl.f.ondecoded @ manager.js:345
(anonymous) @ index.js:21
i.emit @ index.js:133
Xz3Q.u.add @ index.js:241
Ctjl.f.ondata @ manager.js:335
(anonymous) @ index.js:21
i.emit @ index.js:133
Xqxu.h.onPacket @ socket.js:457
(anonymous) @ socket.js:274
i.emit @ index.js:133
ZOjo.o.onPacket @ transport.js:145
ZOjo.o.onData @ transport.js:137
ws.onmessage @ websocket.js:147
VM26575:133 2a. Wynik rundy:  red {green: 0, red: 6, black: 0, any: 6, last_color: "red", …}
VM26575:146 2b. Wygrana:2; Obstawiono:100 na red; Bilans:410; Zysk:-2840; 
VM26575:160 1a. Nowa runda - ID:1261481; lp:885/815; T:50 Sat Mar 10 2018 07:41:29 GMT+0100 (CET)
VM26575:133 2a. Wynik rundy:  black {green: 0, red: 0, black: 1, any: 1, last_color: "black", …}
VM26575:160 1a. Nowa runda - ID:1261482; lp:886/814; T:50 Sat Mar 10 2018 07:42:19 GMT+0100 (CET)
VM26575:133 2a. Wynik rundy:  black {green: 0, red: 0, black: 2, any: 2, last_color: "black", …}
VM26575:160 1a. Nowa runda - ID:1261483; lp:887/813; T:49 Sat Mar 10 2018 07:43:09 GMT+0100 (CET)
VM26575:133 2a. Wynik rundy:  red {green: 0, red: 1, black: 0, any: 1, last_color: "red", …}
VM26575:160 1a. Nowa runda - ID:1261484; lp:888/812; T:50 Sat Mar 10 2018 07:43:59 GMT+0100 (CET)
VM26575:133 2a. Wynik rundy:  red {green: 0, red: 2, black: 0, any: 2, last_color: "red", …}
VM26575:160 1a. Nowa runda - ID:1261485; lp:889/811; T:50 Sat Mar 10 2018 07:44:50 GMT+0100 (CET)
VM26575:133 2a. Wynik rundy:  black {green: 0, red: 0, black: 1, any: 1, last_color: "black", …}
VM26575:160 1a. Nowa runda - ID:1261486; lp:890/810; T:50 Sat Mar 10 2018 07:45:40 GMT+0100 (CET)
VM26575:133 2a. Wynik rundy:  zero {green: 1, red: 0, black: 0, any: 1, last_color: "zero", …}
VM26575:160 1a. Nowa runda - ID:1261487; lp:891/809; T:48 Sat Mar 10 2018 07:46:29 GMT+0100 (CET)
VM26575:133 2a. Wynik rundy:  red {green: 0, red: 1, black: 0, any: 1, last_color: "red", …}
VM26575:160 1a. Nowa runda - ID:1261488; lp:892/808; T:50 Sat Mar 10 2018 07:47:20 GMT+0100 (CET)
VM26575:133 2a. Wynik rundy:  black {green: 0, red: 0, black: 1, any: 1, last_color: "black", …}
VM26575:160 1a. Nowa runda - ID:1261489; lp:893/807; T:48 Sat Mar 10 2018 07:48:09 GMT+0100 (CET)
VM26575:133 2a. Wynik rundy:  zero {green: 1, red: 0, black: 0, any: 1, last_color: "zero", …}
VM26575:160 1a. Nowa runda - ID:1261490; lp:894/806; T:50 Sat Mar 10 2018 07:48:59 GMT+0100 (CET)
VM26575:133 2a. Wynik rundy:  red {green: 0, red: 1, black: 0, any: 1, last_color: "red", …}
VM26575:160 1a. Nowa runda - ID:1261491; lp:895/805; T:49 Sat Mar 10 2018 07:49:49 GMT+0100 (CET)
VM26575:133 2a. Wynik rundy:  black {green: 0, red: 0, black: 1, any: 1, last_color: "black", …}
VM26575:160 1a. Nowa runda - ID:1261492; lp:896/804; T:50 Sat Mar 10 2018 07:50:40 GMT+0100 (CET)
VM26575:133 2a. Wynik rundy:  red {green: 0, red: 1, black: 0, any: 1, last_color: "red", …}
VM26575:160 1a. Nowa runda - ID:1261493; lp:897/803; T:50 Sat Mar 10 2018 07:51:30 GMT+0100 (CET)
VM26575:133 2a. Wynik rundy:  zero {green: 1, red: 0, black: 0, any: 1, last_color: "zero", …}
VM26575:160 1a. Nowa runda - ID:1261494; lp:898/802; T:50 Sat Mar 10 2018 07:52:20 GMT+0100 (CET)
VM26575:133 2a. Wynik rundy:  black {green: 0, red: 0, black: 1, any: 1, last_color: "black", …}
VM26575:160 1a. Nowa runda - ID:1261495; lp:899/801; T:49 Sat Mar 10 2018 07:53:10 GMT+0100 (CET)
VM26575:133 2a. Wynik rundy:  black {green: 0, red: 0, black: 2, any: 2, last_color: "black", …}
VM26575:160 1a. Nowa runda - ID:1261496; lp:900/800; T:49 Sat Mar 10 2018 07:54:00 GMT+0100 (CET)
VM26575:133 2a. Wynik rundy:  black {green: 0, red: 0, black: 3, any: 3, last_color: "black", …}
VM26575:160 1a. Nowa runda - ID:1261497; lp:901/799; T:50 Sat Mar 10 2018 07:54:50 GMT+0100 (CET)
VM26575:133 2a. Wynik rundy:  black {green: 0, red: 0, black: 4, any: 4, last_color: "black", …}
VM26575:160 1a. Nowa runda - ID:1261498; lp:902/798; T:49 Sat Mar 10 2018 07:55:40 GMT+0100 (CET)
VM26575:133 2a. Wynik rundy:  red {green: 0, red: 1, black: 0, any: 1, last_color: "red", …}
VM26575:160 1a. Nowa runda - ID:1261499; lp:903/797; T:50 Sat Mar 10 2018 07:56:30 GMT+0100 (CET)
VM26575:133 2a. Wynik rundy:  black {green: 0, red: 0, black: 1, any: 1, last_color: "black", …}
VM26575:160 1a. Nowa runda - ID:1261500; lp:904/796; T:50 Sat Mar 10 2018 07:57:20 GMT+0100 (CET)
VM26575:133 2a. Wynik rundy:  black {green: 0, red: 0, black: 2, any: 2, last_color: "black", …}
VM26575:160 1a. Nowa runda - ID:1261501; lp:905/795; T:50 Sat Mar 10 2018 07:58:10 GMT+0100 (CET)
VM26575:133 2a. Wynik rundy:  red {green: 0, red: 1, black: 0, any: 1, last_color: "red", …}
VM26575:160 1a. Nowa runda - ID:1261502; lp:906/794; T:49 Sat Mar 10 2018 07:59:00 GMT+0100 (CET)
VM26575:133 2a. Wynik rundy:  black {green: 0, red: 0, black: 1, any: 1, last_color: "black", …}
VM26575:160 1a. Nowa runda - ID:1261503; lp:907/793; T:50 Sat Mar 10 2018 07:59:50 GMT+0100 (CET)
VM26575:133 2a. Wynik rundy:  black {green: 0, red: 0, black: 2, any: 2, last_color: "black", …}
VM26575:160 1a. Nowa runda - ID:1261504; lp:908/792; T:49 Sat Mar 10 2018 08:00:40 GMT+0100 (CET)
VM26575:133 2a. Wynik rundy:  red {green: 0, red: 1, black: 0, any: 1, last_color: "red", …}
VM26575:160 1a. Nowa runda - ID:1261505; lp:909/791; T:50 Sat Mar 10 2018 08:01:30 GMT+0100 (CET)
VM26575:133 2a. Wynik rundy:  black {green: 0, red: 0, black: 1, any: 1, last_color: "black", …}
VM26575:160 1a. Nowa runda - ID:1261506; lp:910/790; T:50 Sat Mar 10 2018 08:02:21 GMT+0100 (CET)
VM26575:133 2a. Wynik rundy:  black {green: 0, red: 0, black: 2, any: 2, last_color: "black", …}
VM26575:160 1a. Nowa runda - ID:1261507; lp:911/789; T:50 Sat Mar 10 2018 08:03:11 GMT+0100 (CET)
VM26575:133 2a. Wynik rundy:  black {green: 0, red: 0, black: 3, any: 3, last_color: "black", …}
VM26575:160 1a. Nowa runda - ID:1261508; lp:912/788; T:50 Sat Mar 10 2018 08:04:01 GMT+0100 (CET)
VM26575:133 2a. Wynik rundy:  red {green: 0, red: 1, black: 0, any: 1, last_color: "red", …}
VM26575:160 1a. Nowa runda - ID:1261509; lp:913/787; T:50 Sat Mar 10 2018 08:04:51 GMT+0100 (CET)
VM26575:133 2a. Wynik rundy:  red {green: 0, red: 2, black: 0, any: 2, last_color: "red", …}
VM26575:160 1a. Nowa runda - ID:1261510; lp:914/786; T:49 Sat Mar 10 2018 08:05:41 GMT+0100 (CET)
VM26575:133 2a. Wynik rundy:  red {green: 0, red: 3, black: 0, any: 3, last_color: "red", …}
VM26575:160 1a. Nowa runda - ID:1261511; lp:915/785; T:49 Sat Mar 10 2018 08:06:31 GMT+0100 (CET)
VM26575:133 2a. Wynik rundy:  red {green: 0, red: 4, black: 0, any: 4, last_color: "red", …}
VM26575:160 1a. Nowa runda - ID:1261512; lp:916/784; T:50 Sat Mar 10 2018 08:07:21 GMT+0100 (CET)
VM26575:133 2a. Wynik rundy:  red {green: 0, red: 5, black: 0, any: 5, last_color: "red", …}
VM26575:160 1a. Nowa runda - ID:1261513; lp:917/783; T:50 Sat Mar 10 2018 08:08:11 GMT+0100 (CET)
VM26575:169 1b. Obstawiam. kwota: 100 na red, bilans: 310, zysk: -2940
www.google.com/ads/ga-audiences?v=1&aip=1&t=sr&_r=4&tid=UA-40001062-2&cid=1545273210.1518266172&jid=1174680768&_v=j66&z=1845302278:1 GET https://www.google.com/ads/ga-audiences?v=1&aip=1&t=sr&_r=4&tid=UA-40001062-2&cid=1545273210.1518266172&jid=1174680768&_v=j66&z=1845302278 net::ERR_BLOCKED_BY_CLIENT
Image (async)
ta @ analytics.js:2
wc @ analytics.js:9
ba @ analytics.js:9
Sa @ analytics.js:14
Ha.D @ analytics.js:12
pc.send @ analytics.js:48
X.b.(anonymous function) @ analytics.js:25
Z.v @ analytics.js:55
Z.D @ analytics.js:54
N @ analytics.js:55
t @ gtm.js?id=GTM-TQKXK3:18
(anonymous) @ gtm.js?id=GTM-TQKXK3:20
Sf @ gtm.js?id=GTM-TQKXK3:66
(anonymous) @ gtm.js?id=GTM-TQKXK3:123
vl @ gtm.js?id=GTM-TQKXK3:119
Lg @ gtm.js?id=GTM-TQKXK3:125
Yg @ gtm.js?id=GTM-TQKXK3:82
a.push @ gtm.js?id=GTM-TQKXK3:83
(anonymous) @ app.js:230
i.emit @ index.js:133
n @ index.js:14
AYMf.d.onpacket @ socket.js:232
(anonymous) @ index.js:21
i.emit @ index.js:133
Ctjl.f.ondecoded @ manager.js:345
(anonymous) @ index.js:21
i.emit @ index.js:133
Xz3Q.u.add @ index.js:241
Ctjl.f.ondata @ manager.js:335
(anonymous) @ index.js:21
i.emit @ index.js:133
Xqxu.h.onPacket @ socket.js:457
(anonymous) @ socket.js:274
i.emit @ index.js:133
ZOjo.o.onPacket @ transport.js:145
ZOjo.o.onData @ transport.js:137
ws.onmessage @ websocket.js:147
VM26575:133 2a. Wynik rundy:  zero {green: 1, red: 0, black: 0, any: 1, last_color: "zero", …}
VM26575:146 2b. Wygrana:0; Obstawiono:100 na red; Bilans:400; Zysk:-2850; 
VM26575:160 1a. Nowa runda - ID:1261514; lp:918/782; T:49 Sat Mar 10 2018 08:09:01 GMT+0100 (CET)
VM26575:133 2a. Wynik rundy:  black {green: 0, red: 0, black: 1, any: 1, last_color: "black", …}
VM26575:160 1a. Nowa runda - ID:1261515; lp:919/781; T:49 Sat Mar 10 2018 08:09:51 GMT+0100 (CET)
VM26575:133 2a. Wynik rundy:  black {green: 0, red: 0, black: 2, any: 2, last_color: "black", …}
VM26575:160 1a. Nowa runda - ID:1261516; lp:920/780; T:50 Sat Mar 10 2018 08:10:41 GMT+0100 (CET)
VM26575:133 2a. Wynik rundy:  black {green: 0, red: 0, black: 3, any: 3, last_color: "black", …}
VM26575:160 1a. Nowa runda - ID:1261517; lp:921/779; T:49 Sat Mar 10 2018 08:11:31 GMT+0100 (CET)
VM26575:133 2a. Wynik rundy:  black {green: 0, red: 0, black: 4, any: 4, last_color: "black", …}
VM26575:160 1a. Nowa runda - ID:1261518; lp:922/778; T:49 Sat Mar 10 2018 08:12:21 GMT+0100 (CET)
VM26575:133 2a. Wynik rundy:  red {green: 0, red: 1, black: 0, any: 1, last_color: "red", …}
VM26575:160 1a. Nowa runda - ID:1261519; lp:923/777; T:50 Sat Mar 10 2018 08:13:11 GMT+0100 (CET)
VM26575:133 2a. Wynik rundy:  black {green: 0, red: 0, black: 1, any: 1, last_color: "black", …}
VM26575:160 1a. Nowa runda - ID:1261520; lp:924/776; T:49 Sat Mar 10 2018 08:14:01 GMT+0100 (CET)
VM26575:133 2a. Wynik rundy:  black {green: 0, red: 0, black: 2, any: 2, last_color: "black", …}
VM26575:160 1a. Nowa runda - ID:1261521; lp:925/775; T:55 Sat Mar 10 2018 08:14:56 GMT+0100 (CET)
VM26575:133 2a. Wynik rundy:  red {green: 0, red: 1, black: 0, any: 1, last_color: "red", …}
VM26575:160 1a. Nowa runda - ID:1261522; lp:926/774; T:44 Sat Mar 10 2018 08:15:41 GMT+0100 (CET)
VM26575:133 2a. Wynik rundy:  red {green: 0, red: 2, black: 0, any: 2, last_color: "red", …}
VM26575:160 1a. Nowa runda - ID:1261523; lp:927/773; T:49 Sat Mar 10 2018 08:16:31 GMT+0100 (CET)
VM26575:133 2a. Wynik rundy:  red {green: 0, red: 3, black: 0, any: 3, last_color: "red", …}
VM26575:160 1a. Nowa runda - ID:1261524; lp:928/772; T:50 Sat Mar 10 2018 08:17:21 GMT+0100 (CET)
VM26575:133 2a. Wynik rundy:  black {green: 0, red: 0, black: 1, any: 1, last_color: "black", …}
VM26575:160 1a. Nowa runda - ID:1261525; lp:929/771; T:51 Sat Mar 10 2018 08:18:12 GMT+0100 (CET)
VM26575:133 2a. Wynik rundy:  red {green: 0, red: 1, black: 0, any: 1, last_color: "red", …}
VM26575:160 1a. Nowa runda - ID:1261526; lp:930/770; T:50 Sat Mar 10 2018 08:19:03 GMT+0100 (CET)
VM26575:133 2a. Wynik rundy:  red {green: 0, red: 2, black: 0, any: 2, last_color: "red", …}
VM26575:160 1a. Nowa runda - ID:1261527; lp:931/769; T:49 Sat Mar 10 2018 08:19:52 GMT+0100 (CET)
VM26575:133 2a. Wynik rundy:  red {green: 0, red: 3, black: 0, any: 3, last_color: "red", …}
VM26575:160 1a. Nowa runda - ID:1261528; lp:932/768; T:49 Sat Mar 10 2018 08:20:42 GMT+0100 (CET)
VM26575:133 2a. Wynik rundy:  red {green: 0, red: 4, black: 0, any: 4, last_color: "red", …}
VM26575:160 1a. Nowa runda - ID:1261529; lp:933/767; T:50 Sat Mar 10 2018 08:21:32 GMT+0100 (CET)
VM26575:133 2a. Wynik rundy:  red {green: 0, red: 5, black: 0, any: 5, last_color: "red", …}
VM26575:160 1a. Nowa runda - ID:1261530; lp:934/766; T:49 Sat Mar 10 2018 08:22:22 GMT+0100 (CET)
VM26575:169 1b. Obstawiam. kwota: 150 na red, bilans: 250, zysk: -3000
www.google.com/ads/ga-audiences?v=1&aip=1&t=sr&_r=4&tid=UA-40001062-2&cid=1545273210.1518266172&jid=290130414&_v=j66&z=1158664175:1 GET https://www.google.com/ads/ga-audiences?v=1&aip=1&t=sr&_r=4&tid=UA-40001062-2&cid=1545273210.1518266172&jid=290130414&_v=j66&z=1158664175 net::ERR_BLOCKED_BY_CLIENT
Image (async)
ta @ analytics.js:2
wc @ analytics.js:9
ba @ analytics.js:9
Sa @ analytics.js:14
Ha.D @ analytics.js:12
pc.send @ analytics.js:48
X.b.(anonymous function) @ analytics.js:25
Z.v @ analytics.js:55
Z.D @ analytics.js:54
N @ analytics.js:55
t @ gtm.js?id=GTM-TQKXK3:18
(anonymous) @ gtm.js?id=GTM-TQKXK3:20
Sf @ gtm.js?id=GTM-TQKXK3:66
(anonymous) @ gtm.js?id=GTM-TQKXK3:123
vl @ gtm.js?id=GTM-TQKXK3:119
Lg @ gtm.js?id=GTM-TQKXK3:125
Yg @ gtm.js?id=GTM-TQKXK3:82
a.push @ gtm.js?id=GTM-TQKXK3:83
(anonymous) @ app.js:230
i.emit @ index.js:133
n @ index.js:14
AYMf.d.onpacket @ socket.js:232
(anonymous) @ index.js:21
i.emit @ index.js:133
Ctjl.f.ondecoded @ manager.js:345
(anonymous) @ index.js:21
i.emit @ index.js:133
Xz3Q.u.add @ index.js:241
Ctjl.f.ondata @ manager.js:335
(anonymous) @ index.js:21
i.emit @ index.js:133
Xqxu.h.onPacket @ socket.js:457
(anonymous) @ socket.js:274
i.emit @ index.js:133
ZOjo.o.onPacket @ transport.js:145
ZOjo.o.onData @ transport.js:137
ws.onmessage @ websocket.js:147
VM26575:133 2a. Wynik rundy:  black {green: 0, red: 0, black: 1, any: 1, last_color: "black", …}
VM26575:146 2b. Wygrana:0; Obstawiono:150 na red; Bilans:3850; Zysk:600; 
VM26575:160 1a. Nowa runda - ID:1261531; lp:935/765; T:50 Sat Mar 10 2018 08:23:12 GMT+0100 (CET)
VM26575:133 2a. Wynik rundy:  black {green: 0, red: 0, black: 2, any: 2, last_color: "black", …}
VM26575:160 1a. Nowa runda - ID:1261532; lp:936/764; T:49 Sat Mar 10 2018 08:24:02 GMT+0100 (CET)
VM26575:133 2a. Wynik rundy:  black {green: 0, red: 0, black: 3, any: 3, last_color: "black", …}
VM26575:160 1a. Nowa runda - ID:1261533; lp:937/763; T:54 Sat Mar 10 2018 08:24:56 GMT+0100 (CET)
VM26575:133 2a. Wynik rundy:  black {green: 0, red: 0, black: 4, any: 4, last_color: "black", …}
VM26575:160 1a. Nowa runda - ID:1261534; lp:938/762; T:45 Sat Mar 10 2018 08:25:42 GMT+0100 (CET)
VM26575:133 2a. Wynik rundy:  black {green: 0, red: 0, black: 5, any: 5, last_color: "black", …}
VM26575:160 1a. Nowa runda - ID:1261535; lp:939/761; T:50 Sat Mar 10 2018 08:26:32 GMT+0100 (CET)
VM26575:169 1b. Obstawiam. kwota: 225 na black, bilans: 3625, zysk: 375
www.google.com/ads/ga-audiences?v=1&aip=1&t=sr&_r=4&tid=UA-40001062-2&cid=1545273210.1518266172&jid=580815846&_v=j66&z=1600610841:1 GET https://www.google.com/ads/ga-audiences?v=1&aip=1&t=sr&_r=4&tid=UA-40001062-2&cid=1545273210.1518266172&jid=580815846&_v=j66&z=1600610841 net::ERR_BLOCKED_BY_CLIENT
Image (async)
ta @ analytics.js:2
wc @ analytics.js:9
ba @ analytics.js:9
Sa @ analytics.js:14
Ha.D @ analytics.js:12
pc.send @ analytics.js:48
X.b.(anonymous function) @ analytics.js:25
Z.v @ analytics.js:55
Z.D @ analytics.js:54
N @ analytics.js:55
t @ gtm.js?id=GTM-TQKXK3:18
(anonymous) @ gtm.js?id=GTM-TQKXK3:20
Sf @ gtm.js?id=GTM-TQKXK3:66
(anonymous) @ gtm.js?id=GTM-TQKXK3:123
vl @ gtm.js?id=GTM-TQKXK3:119
Lg @ gtm.js?id=GTM-TQKXK3:125
Yg @ gtm.js?id=GTM-TQKXK3:82
a.push @ gtm.js?id=GTM-TQKXK3:83
(anonymous) @ app.js:230
i.emit @ index.js:133
n @ index.js:14
AYMf.d.onpacket @ socket.js:232
(anonymous) @ index.js:21
i.emit @ index.js:133
Ctjl.f.ondecoded @ manager.js:345
(anonymous) @ index.js:21
i.emit @ index.js:133
Xz3Q.u.add @ index.js:241
Ctjl.f.ondata @ manager.js:335
(anonymous) @ index.js:21
i.emit @ index.js:133
Xqxu.h.onPacket @ socket.js:457
(anonymous) @ socket.js:274
i.emit @ index.js:133
ZOjo.o.onPacket @ transport.js:145
ZOjo.o.onData @ transport.js:137
ws.onmessage @ websocket.js:147
VM26575:133 2a. Wynik rundy:  black {green: 0, red: 0, black: 6, any: 6, last_color: "black", …}
VM26575:146 2b. Wygrana:2; Obstawiono:225 na black; Bilans:4075; Zysk:825; 
VM26575:160 1a. Nowa runda - ID:1261536; lp:940/760; T:49 Sat Mar 10 2018 08:27:22 GMT+0100 (CET)
VM26575:133 2a. Wynik rundy:  black {green: 0, red: 0, black: 7, any: 7, last_color: "black", …}
VM26575:160 1a. Nowa runda - ID:1261537; lp:941/759; T:50 Sat Mar 10 2018 08:28:12 GMT+0100 (CET)
VM26575:133 2a. Wynik rundy:  black {green: 0, red: 0, black: 8, any: 8, last_color: "black", …}
VM26575:160 1a. Nowa runda - ID:1261538; lp:942/758; T:50 Sat Mar 10 2018 08:29:03 GMT+0100 (CET)
VM26575:133 2a. Wynik rundy:  black {green: 0, red: 0, black: 9, any: 9, last_color: "black", …}
VM26575:160 1a. Nowa runda - ID:1261539; lp:943/757; T:51 Sat Mar 10 2018 08:29:54 GMT+0100 (CET)
VM26575:133 2a. Wynik rundy:  zero {green: 1, red: 0, black: 0, any: 1, last_color: "zero", …}
VM26575:160 1a. Nowa runda - ID:1261540; lp:944/756; T:48 Sat Mar 10 2018 08:30:43 GMT+0100 (CET)
VM26575:133 2a. Wynik rundy:  red {green: 0, red: 1, black: 0, any: 1, last_color: "red", …}
VM26575:160 1a. Nowa runda - ID:1261541; lp:945/755; T:50 Sat Mar 10 2018 08:31:33 GMT+0100 (CET)
VM26575:133 2a. Wynik rundy:  black {green: 0, red: 0, black: 1, any: 1, last_color: "black", …}
VM26575:160 1a. Nowa runda - ID:1261542; lp:946/754; T:49 Sat Mar 10 2018 08:32:23 GMT+0100 (CET)
VM26575:133 2a. Wynik rundy:  black {green: 0, red: 0, black: 2, any: 2, last_color: "black", …}
VM26575:160 1a. Nowa runda - ID:1261543; lp:947/753; T:50 Sat Mar 10 2018 08:33:13 GMT+0100 (CET)
VM26575:133 2a. Wynik rundy:  black {green: 0, red: 0, black: 3, any: 3, last_color: "black", …}
VM26575:160 1a. Nowa runda - ID:1261544; lp:948/752; T:50 Sat Mar 10 2018 08:34:03 GMT+0100 (CET)
VM26575:133 2a. Wynik rundy:  red {green: 0, red: 1, black: 0, any: 1, last_color: "red", …}
VM26575:160 1a. Nowa runda - ID:1261545; lp:949/751; T:52 Sat Mar 10 2018 08:34:55 GMT+0100 (CET)
VM26575:133 2a. Wynik rundy:  red {green: 0, red: 2, black: 0, any: 2, last_color: "red", …}any: 2black: 0green: 0last_color: "red"no_black: 2no_green: 6no_red: 0red: 2__proto__: Object
VM26575:160 1a. Nowa runda - ID:1261546; lp:950/750; T:47 Sat Mar 10 2018 08:35:43 GMT+0100 (CET)
VM26575:133 2a. Wynik rundy:  black {green: 0, red: 0, black: 1, any: 1, last_color: "black", …}
VM26575:160 1a. Nowa runda - ID:1261547; lp:951/749; T:49 Sat Mar 10 2018 08:36:33 GMT+0100 (CET)
VM26575:133 2a. Wynik rundy:  red {green: 0, red: 1, black: 0, any: 1, last_color: "red", …}
VM26575:160 1a. Nowa runda - ID:1261548; lp:952/748; T:49 Sat Mar 10 2018 08:37:23 GMT+0100 (CET)
VM26575:133 2a. Wynik rundy:  red {green: 0, red: 2, black: 0, any: 2, last_color: "red", …}
VM26575:160 1a. Nowa runda - ID:1261549; lp:953/747; T:50 Sat Mar 10 2018 08:38:13 GMT+0100 (CET)
VM26575:133 2a. Wynik rundy:  red {green: 0, red: 3, black: 0, any: 3, last_color: "red", …}
VM26575:160 1a. Nowa runda - ID:1261550; lp:954/746; T:50 Sat Mar 10 2018 08:39:03 GMT+0100 (CET)
VM26575:133 2a. Wynik rundy:  black {green: 0, red: 0, black: 1, any: 1, last_color: "black", …}
VM26575:160 1a. Nowa runda - ID:1261551; lp:955/745; T:49 Sat Mar 10 2018 08:39:53 GMT+0100 (CET)
VM26575:133 2a. Wynik rundy:  red {green: 0, red: 1, black: 0, any: 1, last_color: "red", …}
VM26575:160 1a. Nowa runda - ID:1261552; lp:956/744; T:50 Sat Mar 10 2018 08:40:43 GMT+0100 (CET)
VM26575:133 2a. Wynik rundy:  red {green: 0, red: 2, black: 0, any: 2, last_color: "red", …}
VM26575:160 1a. Nowa runda - ID:1261553; lp:957/743; T:50 Sat Mar 10 2018 08:41:33 GMT+0100 (CET)
VM26575:133 2a. Wynik rundy:  black {green: 0, red: 0, black: 1, any: 1, last_color: "black", …}
VM26575:160 1a. Nowa runda - ID:1261554; lp:958/742; T:50 Sat Mar 10 2018 08:42:23 GMT+0100 (CET)
VM26575:133 2a. Wynik rundy:  red {green: 0, red: 1, black: 0, any: 1, last_color: "red", …}
VM26575:160 1a. Nowa runda - ID:1261555; lp:959/741; T:49 Sat Mar 10 2018 08:43:13 GMT+0100 (CET)
VM26575:133 2a. Wynik rundy:  black {green: 0, red: 0, black: 1, any: 1, last_color: "black", …}
VM26575:160 1a. Nowa runda - ID:1261556; lp:960/740; T:50 Sat Mar 10 2018 08:44:04 GMT+0100 (CET)
VM26575:133 2a. Wynik rundy:  black {green: 0, red: 0, black: 2, any: 2, last_color: "black", …}
VM26575:160 1a. Nowa runda - ID:1261557; lp:961/739; T:49 Sat Mar 10 2018 08:44:54 GMT+0100 (CET)
VM26575:133 2a. Wynik rundy:  red {green: 0, red: 1, black: 0, any: 1, last_color: "red", …}
VM26575:160 1a. Nowa runda - ID:1261558; lp:962/738; T:50 Sat Mar 10 2018 08:45:44 GMT+0100 (CET)
VM26575:133 2a. Wynik rundy:  red {green: 0, red: 2, black: 0, any: 2, last_color: "red", …}
VM26575:160 1a. Nowa runda - ID:1261559; lp:963/737; T:49 Sat Mar 10 2018 08:46:34 GMT+0100 (CET)
VM26575:133 2a. Wynik rundy:  black {green: 0, red: 0, black: 1, any: 1, last_color: "black", …}
VM26575:160 1a. Nowa runda - ID:1261560; lp:964/736; T:51 Sat Mar 10 2018 08:47:25 GMT+0100 (CET)
VM26575:133 2a. Wynik rundy:  black {green: 0, red: 0, black: 2, any: 2, last_color: "black", …}
VM26575:160 1a. Nowa runda - ID:1261561; lp:965/735; T:49 Sat Mar 10 2018 08:48:14 GMT+0100 (CET)
VM26575:133 2a. Wynik rundy:  zero {green: 1, red: 0, black: 0, any: 1, last_color: "zero", …}
VM26575:160 1a. Nowa runda - ID:1261562; lp:966/734; T:49 Sat Mar 10 2018 08:49:04 GMT+0100 (CET)
VM26575:133 2a. Wynik rundy:  red {green: 0, red: 1, black: 0, any: 1, last_color: "red", …}
VM26575:160 1a. Nowa runda - ID:1261563; lp:967/733; T:49 Sat Mar 10 2018 08:49:54 GMT+0100 (CET)
VM26575:133 2a. Wynik rundy:  black {green: 0, red: 0, black: 1, any: 1, last_color: "black", …}
VM26575:160 1a. Nowa runda - ID:1261564; lp:968/732; T:50 Sat Mar 10 2018 08:50:44 GMT+0100 (CET)
VM26575:133 2a. Wynik rundy:  zero {green: 1, red: 0, black: 0, any: 1, last_color: "zero", …}
VM26575:160 1a. Nowa runda - ID:1261565; lp:969/731; T:50 Sat Mar 10 2018 08:51:35 GMT+0100 (CET)
VM26575:133 2a. Wynik rundy:  red {green: 0, red: 1, black: 0, any: 1, last_color: "red", …}
VM26575:160 1a. Nowa runda - ID:1261566; lp:970/730; T:49 Sat Mar 10 2018 08:52:25 GMT+0100 (CET)
VM26575:133 2a. Wynik rundy:  black {green: 0, red: 0, black: 1, any: 1, last_color: "black", …}
VM26575:160 1a. Nowa runda - ID:1261567; lp:971/729; T:49 Sat Mar 10 2018 08:53:14 GMT+0100 (CET)
VM26575:133 2a. Wynik rundy:  red {green: 0, red: 1, black: 0, any: 1, last_color: "red", …}
VM26575:160 1a. Nowa runda - ID:1261568; lp:972/728; T:50 Sat Mar 10 2018 08:54:05 GMT+0100 (CET)
VM26575:133 2a. Wynik rundy:  black {green: 0, red: 0, black: 1, any: 1, last_color: "black", …}
VM26575:160 1a. Nowa runda - ID:1261569; lp:973/727; T:49 Sat Mar 10 2018 08:54:55 GMT+0100 (CET)
VM26575:133 2a. Wynik rundy:  black {green: 0, red: 0, black: 2, any: 2, last_color: "black", …}
VM26575:160 1a. Nowa runda - ID:1261570; lp:974/726; T:49 Sat Mar 10 2018 08:55:45 GMT+0100 (CET)
VM26575:133 2a. Wynik rundy:  black {green: 0, red: 0, black: 3, any: 3, last_color: "black", …}
VM26575:160 1a. Nowa runda - ID:1261571; lp:975/725; T:50 Sat Mar 10 2018 08:56:35 GMT+0100 (CET)
VM26575:133 2a. Wynik rundy:  red {green: 0, red: 1, black: 0, any: 1, last_color: "red", …}
VM26575:160 1a. Nowa runda - ID:1261572; lp:976/724; T:49 Sat Mar 10 2018 08:57:25 GMT+0100 (CET)
VM26575:133 2a. Wynik rundy:  red {green: 0, red: 2, black: 0, any: 2, last_color: "red", …}
VM26575:160 1a. Nowa runda - ID:1261573; lp:977/723; T:50 Sat Mar 10 2018 08:58:16 GMT+0100 (CET)
VM26575:133 2a. Wynik rundy:  red {green: 0, red: 3, black: 0, any: 3, last_color: "red", …}
VM26575:160 1a. Nowa runda - ID:1261574; lp:978/722; T:49 Sat Mar 10 2018 08:59:06 GMT+0100 (CET)
VM26575:133 2a. Wynik rundy:  zero {green: 1, red: 0, black: 0, any: 1, last_color: "zero", …}
VM26575:160 1a. Nowa runda - ID:1261575; lp:979/721; T:49 Sat Mar 10 2018 08:59:55 GMT+0100 (CET)
VM26575:133 2a. Wynik rundy:  red {green: 0, red: 1, black: 0, any: 1, last_color: "red", …}
VM26575:160 1a. Nowa runda - ID:1261576; lp:980/720; T:50 Sat Mar 10 2018 09:00:46 GMT+0100 (CET)
VM26575:133 2a. Wynik rundy:  red {green: 0, red: 2, black: 0, any: 2, last_color: "red", …}
VM26575:160 1a. Nowa runda - ID:1261577; lp:981/719; T:50 Sat Mar 10 2018 09:01:36 GMT+0100 (CET)
VM26575:133 2a. Wynik rundy:  red {green: 0, red: 3, black: 0, any: 3, last_color: "red", …}
VM26575:160 1a. Nowa runda - ID:1261578; lp:982/718; T:50 Sat Mar 10 2018 09:02:26 GMT+0100 (CET)
VM26575:133 2a. Wynik rundy:  red {green: 0, red: 4, black: 0, any: 4, last_color: "red", …}
VM26575:160 1a. Nowa runda - ID:1261579; lp:983/717; T:49 Sat Mar 10 2018 09:03:16 GMT+0100 (CET)
VM26575:133 2a. Wynik rundy:  black {green: 0, red: 0, black: 1, any: 1, last_color: "black", …}
VM26575:160 1a. Nowa runda - ID:1261580; lp:984/716; T:50 Sat Mar 10 2018 09:04:06 GMT+0100 (CET)
VM26575:133 2a. Wynik rundy:  red {green: 0, red: 1, black: 0, any: 1, last_color: "red", …}
VM26575:160 1a. Nowa runda - ID:1261581; lp:985/715; T:50 Sat Mar 10 2018 09:04:56 GMT+0100 (CET)
VM26575:133 2a. Wynik rundy:  black {green: 0, red: 0, black: 1, any: 1, last_color: "black", …}
VM26575:160 1a. Nowa runda - ID:1261582; lp:986/714; T:49 Sat Mar 10 2018 09:05:46 GMT+0100 (CET)
VM26575:133 2a. Wynik rundy:  red {green: 0, red: 1, black: 0, any: 1, last_color: "red", …}
VM26575:160 1a. Nowa runda - ID:1261583; lp:987/713; T:49 Sat Mar 10 2018 09:06:36 GMT+0100 (CET)
VM26575:133 2a. Wynik rundy:  black {green: 0, red: 0, black: 1, any: 1, last_color: "black", …}
VM26575:160 1a. Nowa runda - ID:1261584; lp:988/712; T:51 Sat Mar 10 2018 09:07:27 GMT+0100 (CET)
VM26575:133 2a. Wynik rundy:  zero {green: 1, red: 0, black: 0, any: 1, last_color: "zero", …}
VM26575:160 1a. Nowa runda - ID:1261585; lp:989/711; T:48 Sat Mar 10 2018 09:08:16 GMT+0100 (CET)
VM26575:133 2a. Wynik rundy:  red {green: 0, red: 1, black: 0, any: 1, last_color: "red", …}
VM26575:160 1a. Nowa runda - ID:1261586; lp:990/710; T:51 Sat Mar 10 2018 09:09:07 GMT+0100 (CET)
VM26575:133 2a. Wynik rundy:  red {green: 0, red: 2, black: 0, any: 2, last_color: "red", …}
VM26575:160 1a. Nowa runda - ID:1261587; lp:991/709; T:48 Sat Mar 10 2018 09:09:56 GMT+0100 (CET)
VM26575:133 2a. Wynik rundy:  black {green: 0, red: 0, black: 1, any: 1, last_color: "black", …}
VM26575:160 1a. Nowa runda - ID:1261588; lp:992/708; T:52 Sat Mar 10 2018 09:10:48 GMT+0100 (CET)
VM26575:133 2a. Wynik rundy:  red {green: 0, red: 1, black: 0, any: 1, last_color: "red", …}
VM26575:160 1a. Nowa runda - ID:1261589; lp:993/707; T:49 Sat Mar 10 2018 09:11:37 GMT+0100 (CET)
VM26575:133 2a. Wynik rundy:  black {green: 0, red: 0, black: 1, any: 1, last_color: "black", …}
VM26575:160 1a. Nowa runda - ID:1261590; lp:994/706; T:49 Sat Mar 10 2018 09:12:27 GMT+0100 (CET)
VM26575:133 2a. Wynik rundy:  red {green: 0, red: 1, black: 0, any: 1, last_color: "red", …}
VM26575:160 1a. Nowa runda - ID:1261591; lp:995/705; T:50 Sat Mar 10 2018 09:13:17 GMT+0100 (CET)
VM26575:133 2a. Wynik rundy:  red {green: 0, red: 2, black: 0, any: 2, last_color: "red", …}
VM26575:160 1a. Nowa runda - ID:1261592; lp:996/704; T:49 Sat Mar 10 2018 09:14:07 GMT+0100 (CET)
VM26575:133 2a. Wynik rundy:  red {green: 0, red: 3, black: 0, any: 3, last_color: "red", …}
VM26575:160 1a. Nowa runda - ID:1261593; lp:997/703; T:50 Sat Mar 10 2018 09:14:58 GMT+0100 (CET)
VM26575:133 2a. Wynik rundy:  red {green: 0, red: 4, black: 0, any: 4, last_color: "red", …}
VM26575:160 1a. Nowa runda - ID:1261594; lp:998/702; T:48 Sat Mar 10 2018 09:15:47 GMT+0100 (CET)
VM26575:133 2a. Wynik rundy:  black {green: 0, red: 0, black: 1, any: 1, last_color: "black", …}
VM26575:160 1a. Nowa runda - ID:1261595; lp:999/701; T:52 Sat Mar 10 2018 09:16:39 GMT+0100 (CET)
VM26575:133 2a. Wynik rundy:  red {green: 0, red: 1, black: 0, any: 1, last_color: "red", …}
VM26575:160 1a. Nowa runda - ID:1261596; lp:1000/700; T:47 Sat Mar 10 2018 09:17:27 GMT+0100 (CET)
VM26575:133 2a. Wynik rundy:  black {green: 0, red: 0, black: 1, any: 1, last_color: "black", …}
VM26575:160 1a. Nowa runda - ID:1261597; lp:1001/699; T:50 Sat Mar 10 2018 09:18:18 GMT+0100 (CET)
VM26575:133 2a. Wynik rundy:  red {green: 0, red: 1, black: 0, any: 1, last_color: "red", …}
VM26575:160 1a. Nowa runda - ID:1261598; lp:1002/698; T:50 Sat Mar 10 2018 09:19:08 GMT+0100 (CET)
VM26575:133 2a. Wynik rundy:  red {green: 0, red: 2, black: 0, any: 2, last_color: "red", …}
VM26575:160 1a. Nowa runda - ID:1261599; lp:1003/697; T:49 Sat Mar 10 2018 09:19:58 GMT+0100 (CET)
VM26575:133 2a. Wynik rundy:  black {green: 0, red: 0, black: 1, any: 1, last_color: "black", …}
VM26575:160 1a. Nowa runda - ID:1261600; lp:1004/696; T:50 Sat Mar 10 2018 09:20:48 GMT+0100 (CET)
VM26575:133 2a. Wynik rundy:  red {green: 0, red: 1, black: 0, any: 1, last_color: "red", …}
VM26575:160 1a. Nowa runda - ID:1261601; lp:1005/695; T:50 Sat Mar 10 2018 09:21:38 GMT+0100 (CET)
VM26575:133 2a. Wynik rundy:  black {green: 0, red: 0, black: 1, any: 1, last_color: "black", …}
VM26575:160 1a. Nowa runda - ID:1261602; lp:1006/694; T:49 Sat Mar 10 2018 09:22:28 GMT+0100 (CET)
VM26575:133 2a. Wynik rundy:  red {green: 0, red: 1, black: 0, any: 1, last_color: "red", …}
VM26575:160 1a. Nowa runda - ID:1261603; lp:1007/693; T:51 Sat Mar 10 2018 09:23:19 GMT+0100 (CET)
VM26575:133 2a. Wynik rundy:  red {green: 0, red: 2, black: 0, any: 2, last_color: "red", …}
VM26575:160 1a. Nowa runda - ID:1261604; lp:1008/692; T:49 Sat Mar 10 2018 09:24:09 GMT+0100 (CET)
VM26575:133 2a. Wynik rundy:  black {green: 0, red: 0, black: 1, any: 1, last_color: "black", …}
VM26575:160 1a. Nowa runda - ID:1261605; lp:1009/691; T:50 Sat Mar 10 2018 09:24:59 GMT+0100 (CET)
VM26575:133 2a. Wynik rundy:  black {green: 0, red: 0, black: 2, any: 2, last_color: "black", …}
VM26575:160 1a. Nowa runda - ID:1261606; lp:1010/690; T:49 Sat Mar 10 2018 09:25:49 GMT+0100 (CET)
VM26575:133 2a. Wynik rundy:  red {green: 0, red: 1, black: 0, any: 1, last_color: "red", …}
VM26575:160 1a. Nowa runda - ID:1261607; lp:1011/689; T:50 Sat Mar 10 2018 09:26:39 GMT+0100 (CET)
VM26575:133 2a. Wynik rundy:  black {green: 0, red: 0, black: 1, any: 1, last_color: "black", …}
VM26575:160 1a. Nowa runda - ID:1261608; lp:1012/688; T:49 Sat Mar 10 2018 09:27:29 GMT+0100 (CET)
VM26575:133 2a. Wynik rundy:  black {green: 0, red: 0, black: 2, any: 2, last_color: "black", …}
VM26575:160 1a. Nowa runda - ID:1261609; lp:1013/687; T:50 Sat Mar 10 2018 09:28:19 GMT+0100 (CET)
VM26575:133 2a. Wynik rundy:  zero {green: 1, red: 0, black: 0, any: 1, last_color: "zero", …}
VM26575:160 1a. Nowa runda - ID:1261610; lp:1014/686; T:50 Sat Mar 10 2018 09:29:09 GMT+0100 (CET)
VM26575:133 2a. Wynik rundy:  red {green: 0, red: 1, black: 0, any: 1, last_color: "red", …}
VM26575:160 1a. Nowa runda - ID:1261611; lp:1015/685; T:50 Sat Mar 10 2018 09:29:59 GMT+0100 (CET)
VM26575:133 2a. Wynik rundy:  red {green: 0, red: 2, black: 0, any: 2, last_color: "red", …}
VM26575:160 1a. Nowa runda - ID:1261612; lp:1016/684; T:53 Sat Mar 10 2018 09:30:53 GMT+0100 (CET)
VM26575:133 2a. Wynik rundy:  red {green: 0, red: 3, black: 0, any: 3, last_color: "red", …}
VM26575:160 1a. Nowa runda - ID:1261613; lp:1017/683; T:45 Sat Mar 10 2018 09:31:39 GMT+0100 (CET)
VM26575:133 2a. Wynik rundy:  zero {green: 1, red: 0, black: 0, any: 1, last_color: "zero", …}
VM26575:160 1a. Nowa runda - ID:1261614; lp:1018/682; T:50 Sat Mar 10 2018 09:32:29 GMT+0100 (CET)
VM26575:133 2a. Wynik rundy:  black {green: 0, red: 0, black: 1, any: 1, last_color: "black", …}
VM26575:160 1a. Nowa runda - ID:1261615; lp:1019/681; T:49 Sat Mar 10 2018 09:33:19 GMT+0100 (CET)
VM26575:133 2a. Wynik rundy:  red {green: 0, red: 1, black: 0, any: 1, last_color: "red", …}
VM26575:160 1a. Nowa runda - ID:1261616; lp:1020/680; T:51 Sat Mar 10 2018 09:34:10 GMT+0100 (CET)
VM26575:133 2a. Wynik rundy:  red {green: 0, red: 2, black: 0, any: 2, last_color: "red", …}
VM26575:160 1a. Nowa runda - ID:1261617; lp:1021/679; T:49 Sat Mar 10 2018 09:35:00 GMT+0100 (CET)
VM26575:133 2a. Wynik rundy:  zero {green: 1, red: 0, black: 0, any: 1, last_color: "zero", …}
VM26575:160 1a. Nowa runda - ID:1261618; lp:1022/678; T:49 Sat Mar 10 2018 09:35:49 GMT+0100 (CET)
VM26575:133 2a. Wynik rundy:  black {green: 0, red: 0, black: 1, any: 1, last_color: "black", …}
VM26575:160 1a. Nowa runda - ID:1261619; lp:1023/677; T:50 Sat Mar 10 2018 09:36:40 GMT+0100 (CET)
VM26575:133 2a. Wynik rundy:  black {green: 0, red: 0, black: 2, any: 2, last_color: "black", …}
VM26575:160 1a. Nowa runda - ID:1261620; lp:1024/676; T:49 Sat Mar 10 2018 09:37:29 GMT+0100 (CET)
VM26575:133 2a. Wynik rundy:  black {green: 0, red: 0, black: 3, any: 3, last_color: "black", …}
VM26575:160 1a. Nowa runda - ID:1261621; lp:1025/675; T:50 Sat Mar 10 2018 09:38:20 GMT+0100 (CET)
VM26575:133 2a. Wynik rundy:  zero {green: 1, red: 0, black: 0, any: 1, last_color: "zero", …}
VM26575:160 1a. Nowa runda - ID:1261622; lp:1026/674; T:49 Sat Mar 10 2018 09:39:10 GMT+0100 (CET)
VM26575:133 2a. Wynik rundy:  black {green: 0, red: 0, black: 1, any: 1, last_color: "black", …}
VM26575:160 1a. Nowa runda - ID:1261623; lp:1027/673; T:49 Sat Mar 10 2018 09:40:00 GMT+0100 (CET)
VM26575:133 2a. Wynik rundy:  red {green: 0, red: 1, black: 0, any: 1, last_color: "red", …}
VM26575:160 1a. Nowa runda - ID:1261624; lp:1028/672; T:52 Sat Mar 10 2018 09:40:52 GMT+0100 (CET)
VM26575:133 2a. Wynik rundy:  red {green: 0, red: 2, black: 0, any: 2, last_color: "red", …}
VM26575:160 1a. Nowa runda - ID:1261625; lp:1029/671; T:48 Sat Mar 10 2018 09:41:40 GMT+0100 (CET)
VM26575:133 2a. Wynik rundy:  black {green: 0, red: 0, black: 1, any: 1, last_color: "black", …}
VM26575:160 1a. Nowa runda - ID:1261626; lp:1030/670; T:50 Sat Mar 10 2018 09:42:30 GMT+0100 (CET)
VM26575:133 2a. Wynik rundy:  red {green: 0, red: 1, black: 0, any: 1, last_color: "red", …}
VM26575:160 1a. Nowa runda - ID:1261627; lp:1031/669; T:49 Sat Mar 10 2018 09:43:20 GMT+0100 (CET)
VM26575:133 2a. Wynik rundy:  red {green: 0, red: 2, black: 0, any: 2, last_color: "red", …}
VM26575:160 1a. Nowa runda - ID:1261628; lp:1032/668; T:51 Sat Mar 10 2018 09:44:11 GMT+0100 (CET)
VM26575:133 2a. Wynik rundy:  zero {green: 1, red: 0, black: 0, any: 1, last_color: "zero", …}
VM26575:160 1a. Nowa runda - ID:1261629; lp:1033/667; T:50 Sat Mar 10 2018 09:45:01 GMT+0100 (CET)
VM26575:133 2a. Wynik rundy:  red {green: 0, red: 1, black: 0, any: 1, last_color: "red", …}
VM26575:160 1a. Nowa runda - ID:1261630; lp:1034/666; T:49 Sat Mar 10 2018 09:45:50 GMT+0100 (CET)
VM26575:133 2a. Wynik rundy:  red {green: 0, red: 2, black: 0, any: 2, last_color: "red", …}
VM26575:160 1a. Nowa runda - ID:1261631; lp:1035/665; T:50 Sat Mar 10 2018 09:46:41 GMT+0100 (CET)
VM26575:133 2a. Wynik rundy:  zero {green: 1, red: 0, black: 0, any: 1, last_color: "zero", …}
VM26575:160 1a. Nowa runda - ID:1261632; lp:1036/664; T:50 Sat Mar 10 2018 09:47:31 GMT+0100 (CET)
VM26575:133 2a. Wynik rundy:  black {green: 0, red: 0, black: 1, any: 1, last_color: "black", …}
VM26575:160 1a. Nowa runda - ID:1261633; lp:1037/663; T:49 Sat Mar 10 2018 09:48:21 GMT+0100 (CET)
VM26575:133 2a. Wynik rundy:  zero {green: 1, red: 0, black: 0, any: 1, last_color: "zero", …}
VM26575:160 1a. Nowa runda - ID:1261634; lp:1038/662; T:50 Sat Mar 10 2018 09:49:11 GMT+0100 (CET)
VM26575:133 2a. Wynik rundy:  black {green: 0, red: 0, black: 1, any: 1, last_color: "black", …}
VM26575:160 1a. Nowa runda - ID:1261635; lp:1039/661; T:49 Sat Mar 10 2018 09:50:01 GMT+0100 (CET)
VM26575:133 2a. Wynik rundy:  black {green: 0, red: 0, black: 2, any: 2, last_color: "black", …}
VM26575:160 1a. Nowa runda - ID:1261636; lp:1040/660; T:52 Sat Mar 10 2018 09:50:54 GMT+0100 (CET)
VM26575:133 2a. Wynik rundy:  black {green: 0, red: 0, black: 3, any: 3, last_color: "black", …}
VM26575:160 1a. Nowa runda - ID:1261637; lp:1041/659; T:49 Sat Mar 10 2018 09:51:43 GMT+0100 (CET)
VM26575:133 2a. Wynik rundy:  red {green: 0, red: 1, black: 0, any: 1, last_color: "red", …}
VM26575:160 1a. Nowa runda - ID:1261638; lp:1042/658; T:48 Sat Mar 10 2018 09:52:32 GMT+0100 (CET)
VM26575:133 2a. Wynik rundy:  black {green: 0, red: 0, black: 1, any: 1, last_color: "black", …}
VM26575:160 1a. Nowa runda - ID:1261639; lp:1043/657; T:49 Sat Mar 10 2018 09:53:22 GMT+0100 (CET)
VM26575:133 2a. Wynik rundy:  red {green: 0, red: 1, black: 0, any: 1, last_color: "red", …}
VM26575:160 1a. Nowa runda - ID:1261640; lp:1044/656; T:50 Sat Mar 10 2018 09:54:12 GMT+0100 (CET)
VM26575:133 2a. Wynik rundy:  black {green: 0, red: 0, black: 1, any: 1, last_color: "black", …}
VM26575:160 1a. Nowa runda - ID:1261641; lp:1045/655; T:51 Sat Mar 10 2018 09:55:03 GMT+0100 (CET)
VM26575:133 2a. Wynik rundy:  black {green: 0, red: 0, black: 2, any: 2, last_color: "black", …}
VM26575:160 1a. Nowa runda - ID:1261642; lp:1046/654; T:48 Sat Mar 10 2018 09:55:52 GMT+0100 (CET)
VM26575:133 2a. Wynik rundy:  red {green: 0, red: 1, black: 0, any: 1, last_color: "red", …}
VM26575:160 1a. Nowa runda - ID:1261643; lp:1047/653; T:50 Sat Mar 10 2018 09:56:43 GMT+0100 (CET)
VM26575:133 2a. Wynik rundy:  red {green: 0, red: 2, black: 0, any: 2, last_color: "red", …}
VM26575:160 1a. Nowa runda - ID:1261644; lp:1048/652; T:50 Sat Mar 10 2018 09:57:33 GMT+0100 (CET)
VM26575:133 2a. Wynik rundy:  black {green: 0, red: 0, black: 1, any: 1, last_color: "black", …}
VM26575:160 1a. Nowa runda - ID:1261645; lp:1049/651; T:50 Sat Mar 10 2018 09:58:23 GMT+0100 (CET)
VM26575:133 2a. Wynik rundy:  red {green: 0, red: 1, black: 0, any: 1, last_color: "red", …}
VM26575:160 1a. Nowa runda - ID:1261646; lp:1050/650; T:49 Sat Mar 10 2018 09:59:13 GMT+0100 (CET)
VM26575:133 2a. Wynik rundy:  black {green: 0, red: 0, black: 1, any: 1, last_color: "black", …}
VM26575:160 1a. Nowa runda - ID:1261647; lp:1051/649; T:49 Sat Mar 10 2018 10:00:03 GMT+0100 (CET)
VM26575:133 2a. Wynik rundy:  red {green: 0, red: 1, black: 0, any: 1, last_color: "red", …}
VM26575:160 1a. Nowa runda - ID:1261648; lp:1052/648; T:52 Sat Mar 10 2018 10:00:55 GMT+0100 (CET)
VM26575:133 2a. Wynik rundy:  black {green: 0, red: 0, black: 1, any: 1, last_color: "black", …}
VM26575:160 1a. Nowa runda - ID:1261649; lp:1053/647; T:48 Sat Mar 10 2018 10:01:43 GMT+0100 (CET)
VM26575:133 2a. Wynik rundy:  black {green: 0, red: 0, black: 2, any: 2, last_color: "black", …}
VM26575:160 1a. Nowa runda - ID:1261650; lp:1054/646; T:49 Sat Mar 10 2018 10:02:33 GMT+0100 (CET)
VM26575:133 2a. Wynik rundy:  black {green: 0, red: 0, black: 3, any: 3, last_color: "black", …}
VM26575:160 1a. Nowa runda - ID:1261651; lp:1055/645; T:50 Sat Mar 10 2018 10:03:23 GMT+0100 (CET)
VM26575:133 2a. Wynik rundy:  black {green: 0, red: 0, black: 4, any: 4, last_color: "black", …}
VM26575:160 1a. Nowa runda - ID:1261652; lp:1056/644; T:50 Sat Mar 10 2018 10:04:13 GMT+0100 (CET)
VM26575:133 2a. Wynik rundy:  red {green: 0, red: 1, black: 0, any: 1, last_color: "red", …}
VM26575:160 1a. Nowa runda - ID:1261653; lp:1057/643; T:50 Sat Mar 10 2018 10:05:04 GMT+0100 (CET)
VM26575:133 2a. Wynik rundy:  black {green: 0, red: 0, black: 1, any: 1, last_color: "black", …}
VM26575:160 1a. Nowa runda - ID:1261654; lp:1058/642; T:49 Sat Mar 10 2018 10:05:54 GMT+0100 (CET)
VM26575:133 2a. Wynik rundy:  black {green: 0, red: 0, black: 2, any: 2, last_color: "black", …}
VM26575:160 1a. Nowa runda - ID:1261655; lp:1059/641; T:49 Sat Mar 10 2018 10:06:44 GMT+0100 (CET)
VM26575:133 2a. Wynik rundy:  red {green: 0, red: 1, black: 0, any: 1, last_color: "red", …}
VM26575:160 1a. Nowa runda - ID:1261656; lp:1060/640; T:50 Sat Mar 10 2018 10:07:34 GMT+0100 (CET)
jquery.mCustomScrollbar.concat.min.js:4 GET https://steamcdn-a.akamaihd.net/steamcommunity/public/images/avatars/b7/b7ec8f5df07bd4460ab3da9c0ec86df9fba2f713_full.jpg 404 (Not Found)
(anonymous) @ jquery.mCustomScrollbar.concat.min.js:4
setTimeout (async)
e @ jquery.mCustomScrollbar.concat.min.js:4
(anonymous) @ jquery.mCustomScrollbar.concat.min.js:4
setTimeout (async)
e @ jquery.mCustomScrollbar.concat.min.js:4
(anonymous) @ jquery.mCustomScrollbar.concat.min.js:4
setTimeout (async)
e @ jquery.mCustomScrollbar.concat.min.js:4
(anonymous) @ jquery.mCustomScrollbar.concat.min.js:4
setTimeout (async)
e @ jquery.mCustomScrollbar.concat.min.js:4
(anonymous) @ jquery.mCustomScrollbar.concat.min.js:4
setTimeout (async)
e @ jquery.mCustomScrollbar.concat.min.js:4
(anonymous) @ jquery.mCustomScrollbar.concat.min.js:4
setTimeout (async)
e @ jquery.mCustomScrollbar.concat.min.js:4
(anonymous) @ jquery.mCustomScrollbar.concat.min.js:4
setTimeout (async)
e @ jquery.mCustomScrollbar.concat.min.js:4
(anonymous) @ jquery.mCustomScrollbar.concat.min.js:4
setTimeout (async)
e @ jquery.mCustomScrollbar.concat.min.js:4
(anonymous) @ jquery.mCustomScrollbar.concat.min.js:4
setTimeout (async)
e @ jquery.mCustomScrollbar.concat.min.js:4
(anonymous) @ jquery.mCustomScrollbar.concat.min.js:4
setTimeout (async)
e @ jquery.mCustomScrollbar.concat.min.js:4
(anonymous) @ jquery.mCustomScrollbar.concat.min.js:4
setTimeout (async)
e @ jquery.mCustomScrollbar.concat.min.js:4
(anonymous) @ jquery.mCustomScrollbar.concat.min.js:4
setTimeout (async)
e @ jquery.mCustomScrollbar.concat.min.js:4
(anonymous) @ jquery.mCustomScrollbar.concat.min.js:4
setTimeout (async)
e @ jquery.mCustomScrollbar.concat.min.js:4
(anonymous) @ jquery.mCustomScrollbar.concat.min.js:4
setTimeout (async)
e @ jquery.mCustomScrollbar.concat.min.js:4
(anonymous) @ jquery.mCustomScrollbar.concat.min.js:4
setTimeout (async)
e @ jquery.mCustomScrollbar.concat.min.js:4
(anonymous) @ jquery.mCustomScrollbar.concat.min.js:4
setTimeout (async)
e @ jquery.mCustomScrollbar.concat.min.js:4
(anonymous) @ jquery.mCustomScrollbar.concat.min.js:4
setTimeout (async)
e @ jquery.mCustomScrollbar.concat.min.js:4
(anonymous) @ jquery.mCustomScrollbar.concat.min.js:4
setTimeout (async)
e @ jquery.mCustomScrollbar.concat.min.js:4
(anonymous) @ jquery.mCustomScrollbar.concat.min.js:4
setTimeout (async)
e @ jquery.mCustomScrollbar.concat.min.js:4
(anonymous) @ jquery.mCustomScrollbar.concat.min.js:4
setTimeout (async)
e @ jquery.mCustomScrollbar.concat.min.js:4
(anonymous) @ jquery.mCustomScrollbar.concat.min.js:4
setTimeout (async)
e @ jquery.mCustomScrollbar.concat.min.js:4
(anonymous) @ jquery.mCustomScrollbar.concat.min.js:4
setTimeout (async)
e @ jquery.mCustomScrollbar.concat.min.js:4
(anonymous) @ jquery.mCustomScrollbar.concat.min.js:4
setTimeout (async)
e @ jquery.mCustomScrollbar.concat.min.js:4
(anonymous) @ jquery.mCustomScrollbar.concat.min.js:4
setTimeout (async)
e @ jquery.mCustomScrollbar.concat.min.js:4
(anonymous) @ jquery.mCustomScrollbar.concat.min.js:4
setTimeout (async)
e @ jquery.mCustomScrollbar.concat.min.js:4
(anonymous) @ jquery.mCustomScrollbar.concat.min.js:4
setTimeout (async)
e @ jquery.mCustomScrollbar.concat.min.js:4
(anonymous) @ jquery.mCustomScrollbar.concat.min.js:4
setTimeout (async)
e @ jquery.mCustomScrollbar.concat.min.js:4
(anonymous) @ jquery.mCustomScrollbar.concat.min.js:4
setTimeout (async)
e @ jquery.mCustomScrollbar.concat.min.js:4
(anonymous) @ jquery.mCustomScrollbar.concat.min.js:4
setTimeout (async)
e @ jquery.mCustomScrollbar.concat.min.js:4
(anonymous) @ jquery.mCustomScrollbar.concat.min.js:4
setTimeout (async)
e @ jquery.mCustomScrollbar.concat.min.js:4
(anonymous) @ jquery.mCustomScrollbar.concat.min.js:4
setTimeout (async)
e @ jquery.mCustomScrollbar.concat.min.js:4
(anonymous) @ jquery.mCustomScrollbar.concat.min.js:4
setTimeout (async)
e @ jquery.mCustomScrollbar.concat.min.js:4
(anonymous) @ jquery.mCustomScrollbar.concat.min.js:4
VM26575:133 2a. Wynik rundy:  red {green: 0, red: 2, black: 0, any: 2, last_color: "red", …}
VM26575:160 1a. Nowa runda - ID:1261657; lp:1061/639; T:49 Sat Mar 10 2018 10:08:24 GMT+0100 (CET)
VM26575:133 2a. Wynik rundy:  red {green: 0, red: 3, black: 0, any: 3, last_color: "red", …}
VM26575:160 1a. Nowa runda - ID:1261658; lp:1062/638; T:50 Sat Mar 10 2018 10:09:14 GMT+0100 (CET)
VM26575:133 2a. Wynik rundy:  black {green: 0, red: 0, black: 1, any: 1, last_color: "black", …}
VM26575:160 1a. Nowa runda - ID:1261659; lp:1063/637; T:52 Sat Mar 10 2018 10:10:06 GMT+0100 (CET)
VM26575:133 2a. Wynik rundy:  black {green: 0, red: 0, black: 2, any: 2, last_color: "black", …}
VM26575:160 1a. Nowa runda - ID:1261660; lp:1064/636; T:48 Sat Mar 10 2018 10:10:54 GMT+0100 (CET)
VM26575:133 2a. Wynik rundy:  black {green: 0, red: 0, black: 3, any: 3, last_color: "black", …}
VM26575:160 1a. Nowa runda - ID:1261661; lp:1065/635; T:50 Sat Mar 10 2018 10:11:45 GMT+0100 (CET)
VM26575:133 2a. Wynik rundy:  black {green: 0, red: 0, black: 4, any: 4, last_color: "black", …}
VM26575:160 1a. Nowa runda - ID:1261662; lp:1066/634; T:50 Sat Mar 10 2018 10:12:35 GMT+0100 (CET)
VM26575:133 2a. Wynik rundy:  black {green: 0, red: 0, black: 5, any: 5, last_color: "black", …}
VM26575:160 1a. Nowa runda - ID:1261663; lp:1067/633; T:49 Sat Mar 10 2018 10:13:25 GMT+0100 (CET)
VM26575:169 1b. Obstawiam. kwota: 100 na black, bilans: 3975, zysk: 725
www.google.com/ads/ga-audiences?v=1&aip=1&t=sr&_r=4&tid=UA-40001062-2&cid=1545273210.1518266172&jid=1775739689&_v=j66&z=162580717:1 GET https://www.google.com/ads/ga-audiences?v=1&aip=1&t=sr&_r=4&tid=UA-40001062-2&cid=1545273210.1518266172&jid=1775739689&_v=j66&z=162580717 net::ERR_BLOCKED_BY_CLIENT
Image (async)
ta @ analytics.js:2
wc @ analytics.js:9
ba @ analytics.js:9
Sa @ analytics.js:14
Ha.D @ analytics.js:12
pc.send @ analytics.js:48
X.b.(anonymous function) @ analytics.js:25
Z.v @ analytics.js:55
Z.D @ analytics.js:54
N @ analytics.js:55
t @ gtm.js?id=GTM-TQKXK3:18
(anonymous) @ gtm.js?id=GTM-TQKXK3:20
Sf @ gtm.js?id=GTM-TQKXK3:66
(anonymous) @ gtm.js?id=GTM-TQKXK3:123
vl @ gtm.js?id=GTM-TQKXK3:119
Lg @ gtm.js?id=GTM-TQKXK3:125
Yg @ gtm.js?id=GTM-TQKXK3:82
a.push @ gtm.js?id=GTM-TQKXK3:83
(anonymous) @ app.js:230
i.emit @ index.js:133
n @ index.js:14
AYMf.d.onpacket @ socket.js:232
(anonymous) @ index.js:21
i.emit @ index.js:133
Ctjl.f.ondecoded @ manager.js:345
(anonymous) @ index.js:21
i.emit @ index.js:133
Xz3Q.u.add @ index.js:241
Ctjl.f.ondata @ manager.js:335
(anonymous) @ index.js:21
i.emit @ index.js:133
Xqxu.h.onPacket @ socket.js:457
(anonymous) @ socket.js:274
i.emit @ index.js:133
ZOjo.o.onPacket @ transport.js:145
ZOjo.o.onData @ transport.js:137
ws.onmessage @ websocket.js:147
VM26575:133 2a. Wynik rundy:  black {green: 0, red: 0, black: 6, any: 6, last_color: "black", …}
VM26575:146 2b. Wygrana:2; Obstawiono:100 na black; Bilans:4175; Zysk:925; 
VM26575:160 1a. Nowa runda - ID:1261664; lp:1068/632; T:49 Sat Mar 10 2018 10:14:15 GMT+0100 (CET)
VM26575:133 2a. Wynik rundy:  black {green: 0, red: 0, black: 7, any: 7, last_color: "black", …}
VM26575:160 1a. Nowa runda - ID:1261665; lp:1069/631; T:50 Sat Mar 10 2018 10:15:06 GMT+0100 (CET)
VM26575:133 2a. Wynik rundy:  zero {green: 1, red: 0, black: 0, any: 1, last_color: "zero", …}
VM26575:160 1a. Nowa runda - ID:1261666; lp:1070/630; T:49 Sat Mar 10 2018 10:15:55 GMT+0100 (CET)
VM26575:133 2a. Wynik rundy:  red {green: 0, red: 1, black: 0, any: 1, last_color: "red", …}
VM26575:160 1a. Nowa runda - ID:1261667; lp:1071/629; T:49 Sat Mar 10 2018 10:16:45 GMT+0100 (CET)
VM26575:133 2a. Wynik rundy:  red {green: 0, red: 2, black: 0, any: 2, last_color: "red", …}
VM26575:160 1a. Nowa runda - ID:1261668; lp:1072/628; T:49 Sat Mar 10 2018 10:17:35 GMT+0100 (CET)
VM26575:133 2a. Wynik rundy:  black {green: 0, red: 0, black: 1, any: 1, last_color: "black", …}
VM26575:160 1a. Nowa runda - ID:1261669; lp:1073/627; T:49 Sat Mar 10 2018 10:18:25 GMT+0100 (CET)
VM26575:133 2a. Wynik rundy:  zero {green: 1, red: 0, black: 0, any: 1, last_color: "zero", …}
VM26575:160 1a. Nowa runda - ID:1261670; lp:1074/626; T:51 Sat Mar 10 2018 10:19:16 GMT+0100 (CET)
VM26575:133 2a. Wynik rundy:  red {green: 0, red: 1, black: 0, any: 1, last_color: "red", …}
VM26575:160 1a. Nowa runda - ID:1261671; lp:1075/625; T:50 Sat Mar 10 2018 10:20:06 GMT+0100 (CET)
VM26575:133 2a. Wynik rundy:  black {green: 0, red: 0, black: 1, any: 1, last_color: "black", …}
VM26575:160 1a. Nowa runda - ID:1261672; lp:1076/624; T:50 Sat Mar 10 2018 10:20:56 GMT+0100 (CET)
VM26575:133 2a. Wynik rundy:  black {green: 0, red: 0, black: 2, any: 2, last_color: "black", …}
VM26575:160 1a. Nowa runda - ID:1261673; lp:1077/623; T:49 Sat Mar 10 2018 10:21:46 GMT+0100 (CET)
VM26575:133 2a. Wynik rundy:  black {green: 0, red: 0, black: 3, any: 3, last_color: "black", …}
VM26575:160 1a. Nowa runda - ID:1261674; lp:1078/622; T:49 Sat Mar 10 2018 10:22:36 GMT+0100 (CET)
VM26575:133 2a. Wynik rundy:  red {green: 0, red: 1, black: 0, any: 1, last_color: "red", …}
VM26575:160 1a. Nowa runda - ID:1261675; lp:1079/621; T:50 Sat Mar 10 2018 10:23:26 GMT+0100 (CET)
VM26575:133 2a. Wynik rundy:  black {green: 0, red: 0, black: 1, any: 1, last_color: "black", …}
VM26575:160 1a. Nowa runda - ID:1261676; lp:1080/620; T:49 Sat Mar 10 2018 10:24:16 GMT+0100 (CET)
VM26575:133 2a. Wynik rundy:  red {green: 0, red: 1, black: 0, any: 1, last_color: "red", …}
VM26575:160 1a. Nowa runda - ID:1261677; lp:1081/619; T:50 Sat Mar 10 2018 10:25:06 GMT+0100 (CET)
VM26575:133 2a. Wynik rundy:  red {green: 0, red: 2, black: 0, any: 2, last_color: "red", …}
VM26575:160 1a. Nowa runda - ID:1261678; lp:1082/618; T:50 Sat Mar 10 2018 10:25:56 GMT+0100 (CET)
VM26575:133 2a. Wynik rundy:  red {green: 0, red: 3, black: 0, any: 3, last_color: "red", …}
VM26575:160 1a. Nowa runda - ID:1261679; lp:1083/617; T:50 Sat Mar 10 2018 10:26:46 GMT+0100 (CET)
VM26575:133 2a. Wynik rundy:  red {green: 0, red: 4, black: 0, any: 4, last_color: "red", …}
VM26575:160 1a. Nowa runda - ID:1261680; lp:1084/616; T:50 Sat Mar 10 2018 10:27:36 GMT+0100 (CET)
VM26575:133 2a. Wynik rundy:  red {green: 0, red: 5, black: 0, any: 5, last_color: "red", …}
VM26575:160 1a. Nowa runda - ID:1261681; lp:1085/615; T:50 Sat Mar 10 2018 10:28:27 GMT+0100 (CET)
VM26575:169 1b. Obstawiam. kwota: 100 na red, bilans: 4075, zysk: 825
www.google.com/ads/ga-audiences?v=1&aip=1&t=sr&_r=4&tid=UA-40001062-2&cid=1545273210.1518266172&jid=1664874002&_v=j66&z=1608798396:1 GET https://www.google.com/ads/ga-audiences?v=1&aip=1&t=sr&_r=4&tid=UA-40001062-2&cid=1545273210.1518266172&jid=1664874002&_v=j66&z=1608798396 net::ERR_BLOCKED_BY_CLIENT
Image (async)
ta @ analytics.js:2
wc @ analytics.js:9
ba @ analytics.js:9
Sa @ analytics.js:14
Ha.D @ analytics.js:12
pc.send @ analytics.js:48
X.b.(anonymous function) @ analytics.js:25
Z.v @ analytics.js:55
Z.D @ analytics.js:54
N @ analytics.js:55
t @ gtm.js?id=GTM-TQKXK3:18
(anonymous) @ gtm.js?id=GTM-TQKXK3:20
Sf @ gtm.js?id=GTM-TQKXK3:66
(anonymous) @ gtm.js?id=GTM-TQKXK3:123
vl @ gtm.js?id=GTM-TQKXK3:119
Lg @ gtm.js?id=GTM-TQKXK3:125
Yg @ gtm.js?id=GTM-TQKXK3:82
a.push @ gtm.js?id=GTM-TQKXK3:83
(anonymous) @ app.js:230
i.emit @ index.js:133
n @ index.js:14
AYMf.d.onpacket @ socket.js:232
(anonymous) @ index.js:21
i.emit @ index.js:133
Ctjl.f.ondecoded @ manager.js:345
(anonymous) @ index.js:21
i.emit @ index.js:133
Xz3Q.u.add @ index.js:241
Ctjl.f.ondata @ manager.js:335
(anonymous) @ index.js:21
i.emit @ index.js:133
Xqxu.h.onPacket @ socket.js:457
(anonymous) @ socket.js:274
i.emit @ index.js:133
ZOjo.o.onPacket @ transport.js:145
ZOjo.o.onData @ transport.js:137
ws.onmessage @ websocket.js:147
VM26575:133 2a. Wynik rundy:  red {green: 0, red: 6, black: 0, any: 6, last_color: "red", …}
VM26575:146 2b. Wygrana:2; Obstawiono:100 na red; Bilans:4275; Zysk:1025; 
VM26575:160 1a. Nowa runda - ID:1261682; lp:1086/614; T:50 Sat Mar 10 2018 10:29:18 GMT+0100 (CET)
VM26575:133 2a. Wynik rundy:  black {green: 0, red: 0, black: 1, any: 1, last_color: "black", …}
VM26575:160 1a. Nowa runda - ID:1261683; lp:1087/613; T:49 Sat Mar 10 2018 10:30:07 GMT+0100 (CET)
VM26575:133 2a. Wynik rundy:  black {green: 0, red: 0, black: 2, any: 2, last_color: "black", …}
VM26575:160 1a. Nowa runda - ID:1261684; lp:1088/612; T:50 Sat Mar 10 2018 10:30:57 GMT+0100 (CET)
VM26575:133 2a. Wynik rundy:  red {green: 0, red: 1, black: 0, any: 1, last_color: "red", …}
VM26575:160 1a. Nowa runda - ID:1261685; lp:1089/611; T:50 Sat Mar 10 2018 10:31:47 GMT+0100 (CET)
VM26575:133 2a. Wynik rundy:  black {green: 0, red: 0, black: 1, any: 1, last_color: "black", …}
VM26575:160 1a. Nowa runda - ID:1261686; lp:1090/610; T:50 Sat Mar 10 2018 10:32:37 GMT+0100 (CET)
VM26575:133 2a. Wynik rundy:  red {green: 0, red: 1, black: 0, any: 1, last_color: "red", …}
VM26575:160 1a. Nowa runda - ID:1261687; lp:1091/609; T:49 Sat Mar 10 2018 10:33:27 GMT+0100 (CET)
VM26575:133 2a. Wynik rundy:  black {green: 0, red: 0, black: 1, any: 1, last_color: "black", …}
VM26575:160 1a. Nowa runda - ID:1261688; lp:1092/608; T:49 Sat Mar 10 2018 10:34:17 GMT+0100 (CET)
VM26575:133 2a. Wynik rundy:  red {green: 0, red: 1, black: 0, any: 1, last_color: "red", …}
VM26575:160 1a. Nowa runda - ID:1261689; lp:1093/607; T:50 Sat Mar 10 2018 10:35:08 GMT+0100 (CET)
VM26575:133 2a. Wynik rundy:  black {green: 0, red: 0, black: 1, any: 1, last_color: "black", …}
VM26575:160 1a. Nowa runda - ID:1261690; lp:1094/606; T:50 Sat Mar 10 2018 10:35:58 GMT+0100 (CET)
VM26575:133 2a. Wynik rundy:  red {green: 0, red: 1, black: 0, any: 1, last_color: "red", …}
VM26575:160 1a. Nowa runda - ID:1261691; lp:1095/605; T:50 Sat Mar 10 2018 10:36:48 GMT+0100 (CET)
VM26575:133 2a. Wynik rundy:  red {green: 0, red: 2, black: 0, any: 2, last_color: "red", …}
VM26575:160 1a. Nowa runda - ID:1261692; lp:1096/604; T:50 Sat Mar 10 2018 10:37:38 GMT+0100 (CET)
VM26575:133 2a. Wynik rundy:  black {green: 0, red: 0, black: 1, any: 1, last_color: "black", …}
VM26575:160 1a. Nowa runda - ID:1261693; lp:1097/603; T:49 Sat Mar 10 2018 10:38:28 GMT+0100 (CET)
VM26575:133 2a. Wynik rundy:  black {green: 0, red: 0, black: 2, any: 2, last_color: "black", …}
VM26575:160 1a. Nowa runda - ID:1261694; lp:1098/602; T:50 Sat Mar 10 2018 10:39:18 GMT+0100 (CET)
VM26575:133 2a. Wynik rundy:  red {green: 0, red: 1, black: 0, any: 1, last_color: "red", …}
VM26575:160 1a. Nowa runda - ID:1261695; lp:1099/601; T:49 Sat Mar 10 2018 10:40:08 GMT+0100 (CET)
VM26575:133 2a. Wynik rundy:  red {green: 0, red: 2, black: 0, any: 2, last_color: "red", …}
VM26575:160 1a. Nowa runda - ID:1261696; lp:1100/600; T:50 Sat Mar 10 2018 10:40:59 GMT+0100 (CET)
VM26575:133 2a. Wynik rundy:  black {green: 0, red: 0, black: 1, any: 1, last_color: "black", …}
VM26575:160 1a. Nowa runda - ID:1261697; lp:1101/599; T:50 Sat Mar 10 2018 10:41:49 GMT+0100 (CET)
VM26575:133 2a. Wynik rundy:  red {green: 0, red: 1, black: 0, any: 1, last_color: "red", …}
VM26575:160 1a. Nowa runda - ID:1261698; lp:1102/598; T:49 Sat Mar 10 2018 10:42:38 GMT+0100 (CET)
VM26575:133 2a. Wynik rundy:  black {green: 0, red: 0, black: 1, any: 1, last_color: "black", …}
VM26575:160 1a. Nowa runda - ID:1261699; lp:1103/597; T:50 Sat Mar 10 2018 10:43:29 GMT+0100 (CET)
VM26575:133 2a. Wynik rundy:  red {green: 0, red: 1, black: 0, any: 1, last_color: "red", …}
VM26575:160 1a. Nowa runda - ID:1261700; lp:1104/596; T:49 Sat Mar 10 2018 10:44:19 GMT+0100 (CET)
VM26575:133 2a. Wynik rundy:  red {green: 0, red: 2, black: 0, any: 2, last_color: "red", …}
VM26575:160 1a. Nowa runda - ID:1261701; lp:1105/595; T:50 Sat Mar 10 2018 10:45:09 GMT+0100 (CET)
VM26575:133 2a. Wynik rundy:  black {green: 0, red: 0, black: 1, any: 1, last_color: "black", …}
VM26575:160 1a. Nowa runda - ID:1261702; lp:1106/594; T:49 Sat Mar 10 2018 10:45:59 GMT+0100 (CET)
VM26575:133 2a. Wynik rundy:  zero {green: 1, red: 0, black: 0, any: 1, last_color: "zero", …}
VM26575:160 1a. Nowa runda - ID:1261703; lp:1107/593; T:51 Sat Mar 10 2018 10:46:50 GMT+0100 (CET)
VM26575:133 2a. Wynik rundy:  red {green: 0, red: 1, black: 0, any: 1, last_color: "red", …}
VM26575:160 1a. Nowa runda - ID:1261704; lp:1108/592; T:48 Sat Mar 10 2018 10:47:39 GMT+0100 (CET)
VM26575:133 2a. Wynik rundy:  black {green: 0, red: 0, black: 1, any: 1, last_color: "black", …}
VM26575:160 1a. Nowa runda - ID:1261705; lp:1109/591; T:51 Sat Mar 10 2018 10:48:30 GMT+0100 (CET)
VM26575:133 2a. Wynik rundy:  red {green: 0, red: 1, black: 0, any: 1, last_color: "red", …}
VM26575:160 1a. Nowa runda - ID:1261706; lp:1110/590; T:48 Sat Mar 10 2018 10:49:19 GMT+0100 (CET)
jquery.mCustomScrollbar.concat.min.js:4 GET https://steamcdn-a.akamaihd.net/steamcommunity/public/images/avatars/b7/b7ec8f5df07bd4460ab3da9c0ec86df9fba2f713_full.jpg 404 (Not Found)
(anonymous) @ jquery.mCustomScrollbar.concat.min.js:4
setTimeout (async)
e @ jquery.mCustomScrollbar.concat.min.js:4
(anonymous) @ jquery.mCustomScrollbar.concat.min.js:4
setTimeout (async)
e @ jquery.mCustomScrollbar.concat.min.js:4
(anonymous) @ jquery.mCustomScrollbar.concat.min.js:4
setTimeout (async)
e @ jquery.mCustomScrollbar.concat.min.js:4
(anonymous) @ jquery.mCustomScrollbar.concat.min.js:4
setTimeout (async)
e @ jquery.mCustomScrollbar.concat.min.js:4
(anonymous) @ jquery.mCustomScrollbar.concat.min.js:4
setTimeout (async)
e @ jquery.mCustomScrollbar.concat.min.js:4
(anonymous) @ jquery.mCustomScrollbar.concat.min.js:4
setTimeout (async)
e @ jquery.mCustomScrollbar.concat.min.js:4
(anonymous) @ jquery.mCustomScrollbar.concat.min.js:4
setTimeout (async)
e @ jquery.mCustomScrollbar.concat.min.js:4
(anonymous) @ jquery.mCustomScrollbar.concat.min.js:4
setTimeout (async)
e @ jquery.mCustomScrollbar.concat.min.js:4
(anonymous) @ jquery.mCustomScrollbar.concat.min.js:4
setTimeout (async)
e @ jquery.mCustomScrollbar.concat.min.js:4
(anonymous) @ jquery.mCustomScrollbar.concat.min.js:4
setTimeout (async)
e @ jquery.mCustomScrollbar.concat.min.js:4
(anonymous) @ jquery.mCustomScrollbar.concat.min.js:4
setTimeout (async)
e @ jquery.mCustomScrollbar.concat.min.js:4
(anonymous) @ jquery.mCustomScrollbar.concat.min.js:4
setTimeout (async)
e @ jquery.mCustomScrollbar.concat.min.js:4
(anonymous) @ jquery.mCustomScrollbar.concat.min.js:4
setTimeout (async)
e @ jquery.mCustomScrollbar.concat.min.js:4
(anonymous) @ jquery.mCustomScrollbar.concat.min.js:4
setTimeout (async)
e @ jquery.mCustomScrollbar.concat.min.js:4
(anonymous) @ jquery.mCustomScrollbar.concat.min.js:4
setTimeout (async)
e @ jquery.mCustomScrollbar.concat.min.js:4
(anonymous) @ jquery.mCustomScrollbar.concat.min.js:4
setTimeout (async)
e @ jquery.mCustomScrollbar.concat.min.js:4
(anonymous) @ jquery.mCustomScrollbar.concat.min.js:4
setTimeout (async)
e @ jquery.mCustomScrollbar.concat.min.js:4
(anonymous) @ jquery.mCustomScrollbar.concat.min.js:4
setTimeout (async)
e @ jquery.mCustomScrollbar.concat.min.js:4
(anonymous) @ jquery.mCustomScrollbar.concat.min.js:4
setTimeout (async)
e @ jquery.mCustomScrollbar.concat.min.js:4
(anonymous) @ jquery.mCustomScrollbar.concat.min.js:4
setTimeout (async)
e @ jquery.mCustomScrollbar.concat.min.js:4
(anonymous) @ jquery.mCustomScrollbar.concat.min.js:4
setTimeout (async)
e @ jquery.mCustomScrollbar.concat.min.js:4
(anonymous) @ jquery.mCustomScrollbar.concat.min.js:4
setTimeout (async)
e @ jquery.mCustomScrollbar.concat.min.js:4
(anonymous) @ jquery.mCustomScrollbar.concat.min.js:4
setTimeout (async)
e @ jquery.mCustomScrollbar.concat.min.js:4
(anonymous) @ jquery.mCustomScrollbar.concat.min.js:4
setTimeout (async)
e @ jquery.mCustomScrollbar.concat.min.js:4
(anonymous) @ jquery.mCustomScrollbar.concat.min.js:4
setTimeout (async)
e @ jquery.mCustomScrollbar.concat.min.js:4
(anonymous) @ jquery.mCustomScrollbar.concat.min.js:4
setTimeout (async)
e @ jquery.mCustomScrollbar.concat.min.js:4
(anonymous) @ jquery.mCustomScrollbar.concat.min.js:4
setTimeout (async)
e @ jquery.mCustomScrollbar.concat.min.js:4
(anonymous) @ jquery.mCustomScrollbar.concat.min.js:4
setTimeout (async)
e @ jquery.mCustomScrollbar.concat.min.js:4
(anonymous) @ jquery.mCustomScrollbar.concat.min.js:4
setTimeout (async)
e @ jquery.mCustomScrollbar.concat.min.js:4
(anonymous) @ jquery.mCustomScrollbar.concat.min.js:4
setTimeout (async)
e @ jquery.mCustomScrollbar.concat.min.js:4
(anonymous) @ jquery.mCustomScrollbar.concat.min.js:4
setTimeout (async)
e @ jquery.mCustomScrollbar.concat.min.js:4
(anonymous) @ jquery.mCustomScrollbar.concat.min.js:4
setTimeout (async)
e @ jquery.mCustomScrollbar.concat.min.js:4
(anonymous) @ jquery.mCustomScrollbar.concat.min.js:4
VM26575:133 2a. Wynik rundy:  red {green: 0, red: 2, black: 0, any: 2, last_color: "red", …}
VM26575:160 1a. Nowa runda - ID:1261707; lp:1111/589; T:50 Sat Mar 10 2018 10:50:10 GMT+0100 (CET)
